bpipe.Runner	[10]	INFO	|10:30:59 Starting 
bpipe.Runner	[10]	INFO	|10:30:59 OS: Mac OS X (10.10.3) Java: 1.6.0_65 Vendor: Apple Inc. 
bpipe.Runner	[10]	INFO	|10:30:59 Initializing plugins ... 
bpipe.Config	[10]	INFO	|10:30:59 No plugins directory found: /Users/stephens/Dropbox/Documents/git/dsc-bpipe/one_sample_location/.bpipe/plugins 
bpipe.Runner	[10]	INFO	|10:30:59 Reading user config ...  
bpipe.Config	[10]	INFO	|10:30:59 No configuration file found in same dir as pipeline file /Users/stephens/Dropbox/Documents/git/dsc-bpipe/one_sample_location/bpipe.config 
bpipe.Config	[10]	INFO	|10:30:59 No local configuration file found 
bpipe.Utils	[11]	INFO	|10:31:00 Read config from /Users/stephens/bpipe-0.9.8.7/bin/../bpipe.config executed in 0.322 seconds 
bpipe.Utils	[10]	INFO	|10:31:00 Read user config executed in 0.479 seconds 
bpipe.Runner	[10]	INFO	|10:31:00 Loading tool database ...  
bpipe.ToolDatabase	[12]	INFO	|10:31:00 Loading tool database from user configuration 
bpipe.NotificationManager	[13]	INFO	|10:31:00 Configuring notifications 
bpipe.NotificationManager	[13]	INFO	|10:31:00 Trying class name file for notification channel file 
bpipe.Tool	[12]	INFO	|10:31:00 Configured meta data about tool samtools 
bpipe.Tool	[12]	INFO	|10:31:00 Configured meta data about tool bwa 
bpipe.Tool	[12]	INFO	|10:31:00 Configured meta data about tool bowtie 
bpipe.Tool	[12]	INFO	|10:31:00 Configured meta data about tool fastqc 
bpipe.Tool	[12]	INFO	|10:31:00 Configured meta data about tool coverageBed 
bpipe.Tool	[12]	INFO	|10:31:00 Configured meta data about tool fastx_clipper 
bpipe.Tool	[12]	INFO	|10:31:00 Configured meta data about tool convert2annovar.pl 
bpipe.Tool	[12]	INFO	|10:31:00 Configured meta data about tool summarize_annovar.pl 
bpipe.Concurrency	[14]	INFO	|10:31:00 Creating thread pool with 32 threads to execute parallel pipelines 
bpipe.Tool	[12]	INFO	|10:31:00 Configured meta data about tool bowtie2 
bpipe.Tool	[12]	INFO	|10:31:00 Configured meta data about tool GenomeAnalysisTK 
bpipe.Tool	[12]	INFO	|10:31:00 Configured meta data about tool MarkDuplicates 
bpipe.Tool	[12]	INFO	|10:31:00 Configured meta data about tool signalp 
bpipe.Tool	[12]	INFO	|10:31:00 Configured meta data about tool variant_effect_predictor.pl 
bpipe.Tool	[12]	INFO	|10:31:00 Configured meta data about tool igvtools 
bpipe.Tool	[12]	INFO	|10:31:00 Configured meta data about tool ls 
bpipe.NotificationManager	[13]	INFO	|10:31:00 Unable to create notification channel using class file: java.lang.ClassNotFoundException: file 
bpipe.NotificationManager	[13]	INFO	|10:31:00 Trying class name bpipe.FILENotificationChannel for notification channel file 
bpipe.NotificationManager	[13]	INFO	|10:31:00 Unable to create notification channel using class bpipe.FILENotificationChannel: java.lang.ClassNotFoundException: bpipe.FILENotificationChannel 
bpipe.NotificationManager	[13]	INFO	|10:31:00 Trying class name bpipe.file for notification channel file 
bpipe.NotificationManager	[13]	INFO	|10:31:00 Unable to create notification channel using class bpipe.file: java.lang.ClassNotFoundException: bpipe.file 
bpipe.NotificationManager	[13]	INFO	|10:31:00 Trying class name bpipe.FileNotificationChannel for notification channel file 
bpipe.Runner	[10]	INFO	|10:31:00 No CLI parameters specified 
bpipe.NotificationManager	[13]	INFO	|10:31:00 Successfully created notification channel using class bpipe.FileNotificationChannel 
bpipe.Runner	[10]	INFO	|10:31:00 Parsing script ...  
bpipe.Runner	[15]	INFO	|10:31:00 Deleting job file /Users/stephens/.bpipedb/jobs/4054 
