java.lang.reflect.InvocationTargetException
	at sun.reflect.NativeMethodAccessorImpl.invoke0(Native Method)
	at sun.reflect.NativeMethodAccessorImpl.invoke(NativeMethodAccessorImpl.java:39)
	at sun.reflect.DelegatingMethodAccessorImpl.invoke(DelegatingMethodAccessorImpl.java:25)
	at java.lang.reflect.Method.invoke(Method.java:597)
	at org.codehaus.groovy.tools.GroovyStarter.rootLoader(GroovyStarter.java:106)
	at org.codehaus.groovy.tools.GroovyStarter.main(GroovyStarter.java:128)
Caused by: org.codehaus.groovy.control.MultipleCompilationErrorsException: startup failed:
script1444368660387654541038.groovy: 2: expecting '}', found 'R' @ line 2, column 15.
   	exec Rscript R/scenarios/rnorm.R 1000 0 $output
                 ^

1 error

	at org.codehaus.groovy.control.ErrorCollector.failIfErrors(ErrorCollector.java:309)
	at org.codehaus.groovy.control.ErrorCollector.addFatalError(ErrorCollector.java:149)
	at org.codehaus.groovy.control.ErrorCollector.addError(ErrorCollector.java:119)
	at org.codehaus.groovy.control.ErrorCollector.addError(ErrorCollector.java:131)
	at org.codehaus.groovy.control.SourceUnit.addError(SourceUnit.java:359)
	at org.codehaus.groovy.antlr.AntlrParserPlugin.transformCSTIntoAST(AntlrParserPlugin.java:142)
	at org.codehaus.groovy.antlr.AntlrParserPlugin.parseCST(AntlrParserPlugin.java:108)
	at org.codehaus.groovy.control.SourceUnit.parse(SourceUnit.java:236)
	at org.codehaus.groovy.control.CompilationUnit$1.call(CompilationUnit.java:164)
	at org.codehaus.groovy.control.CompilationUnit.applyToSourceUnits(CompilationUnit.java:923)
	at org.codehaus.groovy.control.CompilationUnit.doPhaseOperation(CompilationUnit.java:585)
	at org.codehaus.groovy.control.CompilationUnit.processPhaseOperations(CompilationUnit.java:561)
	at org.codehaus.groovy.control.CompilationUnit.compile(CompilationUnit.java:538)
	at groovy.lang.GroovyClassLoader.doParseClass(GroovyClassLoader.java:286)
	at groovy.lang.GroovyClassLoader.parseClass(GroovyClassLoader.java:259)
	at groovy.lang.GroovyClassLoader.parseClass(GroovyClassLoader.java:245)
	at groovy.lang.GroovyClassLoader.parseClass(GroovyClassLoader.java:203)
	at groovy.lang.GroovyClassLoader.parseClass(GroovyClassLoader.java:213)
	at groovy.lang.GroovyClassLoader$parseClass.call(Unknown Source)
	at org.codehaus.groovy.runtime.callsite.CallSiteArray.defaultCall(CallSiteArray.java:45)
	at org.codehaus.groovy.runtime.callsite.AbstractCallSite.call(AbstractCallSite.java:108)
	at org.codehaus.groovy.runtime.callsite.AbstractCallSite.call(AbstractCallSite.java:116)
	at bpipe.Runner.main(Runner.groovy:401)
	... 6 more
