bpipe.Runner	[10]	INFO	|10:32:06 Starting 
bpipe.Runner	[10]	INFO	|10:32:06 OS: Mac OS X (10.10.3) Java: 1.6.0_65 Vendor: Apple Inc. 
bpipe.Runner	[10]	INFO	|10:32:06 Initializing plugins ... 
bpipe.Config	[10]	INFO	|10:32:06 No plugins directory found: /Users/stephens/Dropbox/Documents/git/dsc-bpipe/one_sample_location/.bpipe/plugins 
bpipe.Runner	[10]	INFO	|10:32:06 Reading user config ...  
bpipe.Config	[10]	INFO	|10:32:06 No configuration file found in same dir as pipeline file /Users/stephens/Dropbox/Documents/git/dsc-bpipe/one_sample_location/bpipe.config 
bpipe.Config	[10]	INFO	|10:32:06 No local configuration file found 
bpipe.Utils	[11]	INFO	|10:32:07 Read config from /Users/stephens/bpipe-0.9.8.7/bin/../bpipe.config executed in 0.285 seconds 
bpipe.Utils	[10]	INFO	|10:32:07 Read user config executed in 0.436 seconds 
bpipe.Runner	[10]	INFO	|10:32:07 Loading tool database ...  
bpipe.ToolDatabase	[12]	INFO	|10:32:07 Loading tool database from user configuration 
bpipe.NotificationManager	[13]	INFO	|10:32:07 Configuring notifications 
bpipe.Tool	[12]	INFO	|10:32:07 Configured meta data about tool samtools 
bpipe.Tool	[12]	INFO	|10:32:07 Configured meta data about tool bwa 
bpipe.Tool	[12]	INFO	|10:32:07 Configured meta data about tool bowtie 
bpipe.Tool	[12]	INFO	|10:32:07 Configured meta data about tool fastqc 
bpipe.Tool	[12]	INFO	|10:32:07 Configured meta data about tool coverageBed 
bpipe.Tool	[12]	INFO	|10:32:07 Configured meta data about tool fastx_clipper 
bpipe.Tool	[12]	INFO	|10:32:07 Configured meta data about tool convert2annovar.pl 
bpipe.Tool	[12]	INFO	|10:32:07 Configured meta data about tool summarize_annovar.pl 
bpipe.Tool	[12]	INFO	|10:32:07 Configured meta data about tool bowtie2 
bpipe.NotificationManager	[13]	INFO	|10:32:07 Trying class name file for notification channel file 
bpipe.Tool	[12]	INFO	|10:32:07 Configured meta data about tool GenomeAnalysisTK 
bpipe.Tool	[12]	INFO	|10:32:07 Configured meta data about tool MarkDuplicates 
bpipe.Tool	[12]	INFO	|10:32:07 Configured meta data about tool signalp 
bpipe.Tool	[12]	INFO	|10:32:07 Configured meta data about tool variant_effect_predictor.pl 
bpipe.Tool	[12]	INFO	|10:32:07 Configured meta data about tool igvtools 
bpipe.Tool	[12]	INFO	|10:32:07 Configured meta data about tool ls 
bpipe.Concurrency	[14]	INFO	|10:32:07 Creating thread pool with 32 threads to execute parallel pipelines 
bpipe.NotificationManager	[13]	INFO	|10:32:07 Unable to create notification channel using class file: java.lang.ClassNotFoundException: file 
bpipe.NotificationManager	[13]	INFO	|10:32:07 Trying class name bpipe.FILENotificationChannel for notification channel file 
bpipe.NotificationManager	[13]	INFO	|10:32:07 Unable to create notification channel using class bpipe.FILENotificationChannel: java.lang.ClassNotFoundException: bpipe.FILENotificationChannel 
bpipe.NotificationManager	[13]	INFO	|10:32:07 Trying class name bpipe.file for notification channel file 
bpipe.NotificationManager	[13]	INFO	|10:32:07 Unable to create notification channel using class bpipe.file: java.lang.ClassNotFoundException: bpipe.file 
bpipe.NotificationManager	[13]	INFO	|10:32:07 Trying class name bpipe.FileNotificationChannel for notification channel file 
bpipe.Runner	[10]	INFO	|10:32:07 No CLI parameters specified 
bpipe.NotificationManager	[13]	INFO	|10:32:07 Successfully created notification channel using class bpipe.FileNotificationChannel 
bpipe.Runner	[10]	INFO	|10:32:07 Parsing script ...  
bpipe.Runner	[10]	INFO	|10:32:07 Run ...  
bpipe.Pipeline	[10]	INFO	|10:32:07 Running with input null 
bpipe.PipelineCategory	[10]	INFO	|10:32:07 Found closure variable rnorm0 
bpipe.PipelineCategory	[10]	INFO	|10:32:07 Found closure variable rnorm1 
bpipe.Pipeline	[10]	WARNING	|10:32:07 Pipeline folder /Users/stephens/bpipes could not be found 
bpipe.Pipeline	[10]	INFO	|10:32:07 Loaded external reference: args 
bpipe.Pipeline	[10]	INFO	|10:32:07 External reference args is overridden by local reference 
bpipe.Pipeline	[10]	INFO	|10:32:07 Loaded external reference: rnorm0 
bpipe.Pipeline	[10]	INFO	|10:32:07 External reference rnorm0 is overridden by local reference 
bpipe.Pipeline	[10]	INFO	|10:32:07 Loaded external reference: rnorm1 
bpipe.Pipeline	[10]	INFO	|10:32:07 External reference rnorm1 is overridden by local reference 
bpipe.Pipeline	[10]	INFO	|10:32:07 Running segment with inputs null 
bpipe.Dependencies	[10]	INFO	|10:32:07 Checking input (s) null 
bpipe.Utils	[10]	INFO	|10:32:07 Output folder scan (concurrency=5) executed in 0.005 seconds 
bpipe.Utils	[10]	INFO	|10:32:07 Index output graph executed in 0.001 seconds 
bpipe.PipelineStage	[10]	INFO	|10:32:07 Stage rnorm0 : INPUT=null OUTPUT=rnorm0 
bpipe.PipelineDelegate	[10]	INFO	|10:32:07 Setting or creating a delegate for context 1814612508 body 841687127/script14443687273061499490224 in thread 1 
bpipe.PipelineDelegate	[10]	INFO	|10:32:07 Created new delegate bpipe.PipelineDelegate@3c0c74fe overriding type script14443687273061499490224 in thread 1 
bpipe.PipelineContext	[10]	INFO	|10:32:07 No inputs resolved by input wrappers: outputs based on default rnorm0 
bpipe.PipelineContext	[10]	INFO	|10:32:07 Tracking outputs referenced=[[]] inferred=[[rnorm0]] for command Rscript R/scenarios/rnorm.R 1000 0 rnorm0 
bpipe.PipelineContext	[10]	INFO	|10:32:07 Checking actual resolved inputs [] 
bpipe.Command	[10]	INFO	|10:32:07 Checking for configuration for command Rscript 
bpipe.Command	[10]	INFO	|10:32:07 Default command properties: [executor:local] 
bpipe.CommandManager	[10]	INFO	|10:32:07 Using config [executor:local] for command 
bpipe.CommandManager	[10]	INFO	|10:32:07 Created bpipe command id 1 
bpipe.Concurrency	[10]	INFO	|10:32:07 Thread main requesting for 1 concurrency permit(s) type threads with 32 available 
bpipe.Concurrency	[10]	INFO	|10:32:07 Thread main acquired resource threads in amount 1 
bpipe.Command	[15]	INFO	|10:32:07 Command 1 changing state from null to RUNNING 
bpipe.executor.ThrottledDelegatingCommandExecutor	[10]	INFO	|10:32:07 Waiting for command to complete before releasing 1 resources 
bpipe.Command	[10]	INFO	|10:32:08 Command 1 changing state from RUNNING to COMPLETE 
bpipe.executor.ThrottledDelegatingCommandExecutor	[10]	INFO	|10:32:08 Releasing 1 resources 
bpipe.Concurrency	[10]	INFO	|10:32:08 Thread main releasing 1 threads 
bpipe.executor.ThrottledDelegatingCommandExecutor	[10]	INFO	|10:32:08 Released 1 resources 
bpipe.PipelineStage	[10]	INFO	|10:32:08 Retaining pre-existing files [./osl.bpipe] from outputs 
bpipe.PipelineStage	[10]	INFO	|10:32:08 Using inferred outputs [rnorm0] as outputs because no explicit outputs set 
bpipe.PipelineStage	[10]	INFO	|10:32:08 Cleaning up: [rnorm0] 
bpipe.Utils	[10]	INFO	|10:32:08 Cleaned up file /Users/stephens/Dropbox/Documents/git/dsc-bpipe/one_sample_location/rnorm0 by moving it to /Users/stephens/Dropbox/Documents/git/dsc-bpipe/one_sample_location/.bpipe/trash/rnorm0 
bpipe.Pipeline	[10]	INFO	|10:32:08 Pipeline segment failed (2): Command failed with exit status = 1 : 

Rscript R/scenarios/rnorm.R 1000 0 rnorm0 
bpipe.Pipeline	[10]	INFO	|10:32:08 Finished running segment for inputs null 
bpipe.Runner	[16]	INFO	|10:32:08 Deleting job file /Users/stephens/.bpipedb/jobs/4103 
