bpipe.Runner	[10]	INFO	|10:36:35 Starting 
bpipe.Runner	[10]	INFO	|10:36:35 OS: Mac OS X (10.10.3) Java: 1.6.0_65 Vendor: Apple Inc. 
bpipe.Runner	[10]	INFO	|10:36:35 Initializing plugins ... 
bpipe.Config	[10]	INFO	|10:36:35 No plugins directory found: /Users/stephens/Dropbox/Documents/git/dsc-bpipe/one_sample_location/.bpipe/plugins 
bpipe.Runner	[10]	INFO	|10:36:35 Reading user config ...  
bpipe.Config	[10]	INFO	|10:36:35 No configuration file found in same dir as pipeline file /Users/stephens/Dropbox/Documents/git/dsc-bpipe/one_sample_location/bpipe.config 
bpipe.Config	[10]	INFO	|10:36:35 No local configuration file found 
bpipe.Utils	[11]	INFO	|10:36:36 Read config from /Users/stephens/bpipe-0.9.8.7/bin/../bpipe.config executed in 0.369 seconds 
bpipe.Utils	[10]	INFO	|10:36:36 Read user config executed in 0.565 seconds 
bpipe.Runner	[10]	INFO	|10:36:36 Loading tool database ...  
bpipe.ToolDatabase	[12]	INFO	|10:36:36 Loading tool database from user configuration 
bpipe.Tool	[12]	INFO	|10:36:36 Configured meta data about tool samtools 
bpipe.Tool	[12]	INFO	|10:36:36 Configured meta data about tool bwa 
bpipe.Tool	[12]	INFO	|10:36:36 Configured meta data about tool bowtie 
bpipe.Tool	[12]	INFO	|10:36:36 Configured meta data about tool fastqc 
bpipe.Tool	[12]	INFO	|10:36:36 Configured meta data about tool coverageBed 
bpipe.Tool	[12]	INFO	|10:36:36 Configured meta data about tool fastx_clipper 
bpipe.Tool	[12]	INFO	|10:36:36 Configured meta data about tool convert2annovar.pl 
bpipe.Tool	[12]	INFO	|10:36:36 Configured meta data about tool summarize_annovar.pl 
bpipe.Tool	[12]	INFO	|10:36:36 Configured meta data about tool bowtie2 
bpipe.Tool	[12]	INFO	|10:36:36 Configured meta data about tool GenomeAnalysisTK 
bpipe.Tool	[12]	INFO	|10:36:36 Configured meta data about tool MarkDuplicates 
bpipe.Tool	[12]	INFO	|10:36:36 Configured meta data about tool signalp 
bpipe.Tool	[12]	INFO	|10:36:36 Configured meta data about tool variant_effect_predictor.pl 
bpipe.Tool	[12]	INFO	|10:36:36 Configured meta data about tool igvtools 
bpipe.Tool	[12]	INFO	|10:36:36 Configured meta data about tool ls 
bpipe.NotificationManager	[13]	INFO	|10:36:36 Configuring notifications 
bpipe.Concurrency	[14]	INFO	|10:36:36 Creating thread pool with 32 threads to execute parallel pipelines 
bpipe.NotificationManager	[13]	INFO	|10:36:36 Trying class name file for notification channel file 
bpipe.Runner	[10]	INFO	|10:36:36 No CLI parameters specified 
bpipe.NotificationManager	[13]	INFO	|10:36:36 Unable to create notification channel using class file: java.lang.ClassNotFoundException: file 
bpipe.NotificationManager	[13]	INFO	|10:36:36 Trying class name bpipe.FILENotificationChannel for notification channel file 
bpipe.NotificationManager	[13]	INFO	|10:36:36 Unable to create notification channel using class bpipe.FILENotificationChannel: java.lang.ClassNotFoundException: bpipe.FILENotificationChannel 
bpipe.NotificationManager	[13]	INFO	|10:36:36 Trying class name bpipe.file for notification channel file 
bpipe.NotificationManager	[13]	INFO	|10:36:36 Unable to create notification channel using class bpipe.file: java.lang.ClassNotFoundException: bpipe.file 
bpipe.NotificationManager	[13]	INFO	|10:36:36 Trying class name bpipe.FileNotificationChannel for notification channel file 
bpipe.NotificationManager	[13]	INFO	|10:36:36 Successfully created notification channel using class bpipe.FileNotificationChannel 
bpipe.Runner	[10]	INFO	|10:36:36 Parsing script ...  
bpipe.Runner	[10]	INFO	|10:36:36 Run ...  
bpipe.Pipeline	[10]	INFO	|10:36:36 Running with input null 
bpipe.PipelineCategory	[10]	INFO	|10:36:36 Found closure variable rnorm0 
bpipe.PipelineCategory	[10]	INFO	|10:36:36 Found closure variable rnorm1 
bpipe.PipelineCategory	[10]	INFO	|10:36:36 Found closure variable mean 
bpipe.Pipeline	[10]	WARNING	|10:36:36 Pipeline folder /Users/stephens/bpipes could not be found 
bpipe.Pipeline	[10]	INFO	|10:36:36 Loaded external reference: args 
bpipe.Pipeline	[10]	INFO	|10:36:36 External reference args is overridden by local reference 
bpipe.Pipeline	[10]	INFO	|10:36:36 Loaded external reference: rnorm0 
bpipe.Pipeline	[10]	INFO	|10:36:36 External reference rnorm0 is overridden by local reference 
bpipe.Pipeline	[10]	INFO	|10:36:36 Loaded external reference: rnorm1 
bpipe.Pipeline	[10]	INFO	|10:36:36 External reference rnorm1 is overridden by local reference 
bpipe.Pipeline	[10]	INFO	|10:36:36 Loaded external reference: mean 
bpipe.Pipeline	[10]	INFO	|10:36:36 External reference mean is overridden by local reference 
bpipe.Pipeline	[10]	INFO	|10:36:36 Running segment with inputs null 
bpipe.Dependencies	[10]	INFO	|10:36:36 Checking input (s) null 
bpipe.Dependencies	[15]	INFO	|10:36:36 Reading property file .bpipe/outputs/rnorm0.rnorm0.meta.properties 
bpipe.Dependencies	[16]	INFO	|10:36:36 Reading property file .bpipe/outputs/rnorm0.rnorm0.data.properties 
bpipe.Utils	[10]	INFO	|10:36:36 Output folder scan (concurrency=5) executed in 0.030 seconds 
bpipe.Dependencies	[10]	INFO	|10:36:36 External inputs: [[], []] for outputs [rnorm0.data, rnorm0.meta] 
bpipe.Dependencies	[10]	INFO	|10:36:36 There are 1 output groups 
bpipe.Dependencies	[10]	INFO	|10:36:36 Subtracting 2 remaining outputs from 2 total outputs 
bpipe.Dependencies	[10]	INFO	|10:36:36 There are 0 remaining outputs 
bpipe.Dependencies	[10]	INFO	|10:36:36 ---- rnorm0.data / entry 1925992450 ---- 
bpipe.Dependencies	[10]	INFO	|10:36:36 rnorm0.data is newer than input files 
bpipe.Dependencies	[10]	INFO	|10:36:36 ---- rnorm0.meta / entry 1925992450 ---- 
bpipe.Dependencies	[10]	INFO	|10:36:36 rnorm0.meta is newer than input files 
bpipe.Dependencies	[10]	INFO	|10:36:36 ====Finished Output Graph===== 
bpipe.Utils	[10]	INFO	|10:36:36 Index output graph executed in 0.001 seconds 
bpipe.PipelineDelegate	[10]	INFO	|10:36:37 Setting or creating a delegate for context 1285366524 body 1617163695/java.lang.Class in thread 1 
bpipe.PipelineDelegate	[10]	INFO	|10:36:37 Created new delegate bpipe.PipelineDelegate@6883fde6 overriding type java.lang.Class in thread 1 
bpipe.Dependencies	[10]	INFO	|10:36:37 Checking input (s) null 
bpipe.PipelineStage	[10]	INFO	|10:36:37 Stage rnorm0 : INPUT=null OUTPUT=rnorm0 
bpipe.PipelineDelegate	[10]	INFO	|10:36:37 Setting or creating a delegate for context 2036672674 body 1252103166/script1444368996650998251709 in thread 1 
bpipe.PipelineDelegate	[10]	INFO	|10:36:37 Created new delegate bpipe.PipelineDelegate@604ee1f1 overriding type script1444368996650998251709 in thread 1 
bpipe.PipelineContext	[10]	INFO	|10:36:37 No inputs resolved by input wrappers: outputs based on default rnorm0 
bpipe.PipelineContext	[10]	INFO	|10:36:37 No inputs resolved by input wrappers: outputs based on default rnorm0 
bpipe.PipelineContext	[10]	INFO	|10:36:37 Tracking outputs referenced=[[]] inferred=[[rnorm0.data, rnorm0.meta]] for command Rscript R/scenarios/rnorm.R 1000 0 rnorm0.data rnorm0.meta 
bpipe.PipelineContext	[10]	INFO	|10:36:37 Checking actual resolved inputs [] 
bpipe.PipelineContext	[10]	INFO	|10:36:37 Skipping command Rscript R/scenarios/rnorm.R 10... because outputs [rnorm0.data, rnorm0.meta] already exist (no inputs referenced) 
bpipe.PipelineStage	[10]	INFO	|10:36:37 Stage rnorm0 returned null as default inputs for next stage 
bpipe.PipelineStage	[10]	INFO	|10:36:37 Using inferred outputs [rnorm0.data, rnorm0.meta] as outputs because no explicit outputs set 
bpipe.PipelineStage	[10]	INFO	|10:36:37 Inferring nextInputs from explicit output as [rnorm0.data, rnorm0.meta] 
bpipe.PipelineStage	[10]	INFO	|10:36:37 Setting next inputs [rnorm0.data, rnorm0.meta] on stage 1172519864, context 2036672674 in thread 1 
bpipe.PipelineStage	[10]	INFO	|10:36:37 Checking files: [rnorm0.data, rnorm0.meta] 
bpipe.Dependencies	[10]	INFO	|10:36:37 Checking output (s) [rnorm0.data, rnorm0.meta] 
bpipe.Dependencies	[10]	INFO	|10:36:37  Checking file rnorm0.data 
bpipe.Dependencies	[10]	INFO	|10:36:37  Checking file rnorm0.meta 
bpipe.PipelineCategory	[10]	INFO	|10:36:37 Checking that outputs [rnorm0.data, rnorm0.meta] exist 
bpipe.Dependencies	[10]	INFO	|10:36:37 Checking input (s) [rnorm0.data, rnorm0.meta] 
bpipe.Dependencies	[10]	INFO	|10:36:37  Checking file rnorm0.data 
bpipe.Dependencies	[10]	INFO	|10:36:37  Checking file rnorm0.meta 
bpipe.PipelineCategory	[10]	INFO	|10:36:37 Next inputs from stage = [rnorm0.data, rnorm0.meta] 
bpipe.PipelineCategory	[10]	INFO	|10:36:37 Checking inputs for next stage:  [rnorm0.data, rnorm0.meta] 
bpipe.Dependencies	[10]	INFO	|10:36:37 Checking input (s) [rnorm0.data, rnorm0.meta] 
bpipe.Dependencies	[10]	INFO	|10:36:37  Checking file rnorm0.data 
bpipe.Dependencies	[10]	INFO	|10:36:37  Checking file rnorm0.meta 
bpipe.Dependencies	[10]	INFO	|10:36:37 Checking input (s) [rnorm0.data, rnorm0.meta] 
bpipe.Dependencies	[10]	INFO	|10:36:37  Checking file rnorm0.data 
bpipe.Dependencies	[10]	INFO	|10:36:37  Checking file rnorm0.meta 
bpipe.PipelineStage	[10]	INFO	|10:36:37 Stage mean : INPUT=[rnorm0.data, rnorm0.meta] OUTPUT=rnorm0.data.mean 
bpipe.PipelineDelegate	[10]	INFO	|10:36:37 Setting or creating a delegate for context 1396118886 body 2110322974/script1444368996650998251709 in thread 1 
bpipe.PipelineDelegate	[10]	INFO	|10:36:37 Created new delegate bpipe.PipelineDelegate@455e0638 overriding type script1444368996650998251709 in thread 1 
bpipe.PipelineInput	[10]	INFO	|10:36:37 Searching for missing Property: data 
bpipe.PipelineInput	[10]	INFO	|10:36:37 Resolving inputs matching pattern ^.*\.data$ 
bpipe.PipelineInput	[10]	INFO	|10:36:37 Checking outputs [rnorm0.data, rnorm0.meta] 
bpipe.PipelineInput	[10]	INFO	|10:36:37 Found files with exts [data$] : [[rnorm0.data]] 
bpipe.PipelineInput	[10]	INFO	|10:36:37 Adding resolved input rnorm0.data 
bpipe.PipelineContext	[10]	INFO	|10:36:37 Using non-default output due to input property reference: rnorm0.data from resolved inputs [rnorm0.data] 
bpipe.PipelineContext	[10]	INFO	|10:36:37 Tracking outputs referenced=[[]] inferred=[[rnorm0.mean.out]] for command Rscript R/methods/mean.R rnorm0.data rnorm0.mean.out 
bpipe.PipelineContext	[10]	INFO	|10:36:37 Checking actual resolved inputs [rnorm0.data] 
bpipe.Utils	[10]	INFO	|10:36:37 ===== Check rnorm0.mean.out ===== 
bpipe.Utils	[10]	INFO	|10:36:37 file doesn't exist: rnorm0.mean.out 
bpipe.Dependencies	[10]	INFO	|10:36:37 Found these missing / older files: [rnorm0.mean.out] 
bpipe.Dependencies	[10]	INFO	|10:36:37 Output properties file is not available for /Users/stephens/Dropbox/Documents/git/dsc-bpipe/one_sample_location/rnorm0.mean.out: assume NOT cleaned up 
bpipe.Dependencies	[10]	INFO	|10:36:37 Some files are outdated : [/Users/stephens/Dropbox/Documents/git/dsc-bpipe/one_sample_location/rnorm0.mean.out] 
bpipe.Command	[10]	INFO	|10:36:37 Checking for configuration for command Rscript 
bpipe.Command	[10]	INFO	|10:36:37 Default command properties: [executor:local] 
bpipe.CommandManager	[10]	INFO	|10:36:37 Using config [executor:local] for command 
bpipe.CommandManager	[10]	INFO	|10:36:37 Created bpipe command id 3 
bpipe.Concurrency	[10]	INFO	|10:36:37 Thread main requesting for 1 concurrency permit(s) type threads with 32 available 
bpipe.Concurrency	[10]	INFO	|10:36:37 Thread main acquired resource threads in amount 1 
bpipe.Command	[17]	INFO	|10:36:37 Command 3 changing state from null to RUNNING 
bpipe.executor.ThrottledDelegatingCommandExecutor	[10]	INFO	|10:36:37 Waiting for command to complete before releasing 1 resources 
bpipe.Command	[10]	INFO	|10:36:37 Command 3 changing state from RUNNING to COMPLETE 
bpipe.executor.ThrottledDelegatingCommandExecutor	[10]	INFO	|10:36:37 Releasing 1 resources 
bpipe.Concurrency	[10]	INFO	|10:36:37 Thread main releasing 1 threads 
bpipe.executor.ThrottledDelegatingCommandExecutor	[10]	INFO	|10:36:37 Released 1 resources 
bpipe.PipelineStage	[10]	INFO	|10:36:37 Stage mean returned null as default inputs for next stage 
bpipe.PipelineStage	[10]	INFO	|10:36:37 Using inferred outputs [rnorm0.mean.out] as outputs because no explicit outputs set 
bpipe.PipelineStage	[10]	INFO	|10:36:37 Inferring nextInputs from explicit output as [rnorm0.mean.out] 
bpipe.PipelineStage	[10]	INFO	|10:36:37 Setting next inputs [rnorm0.mean.out] on stage 2116447044, context 1396118886 in thread 1 
bpipe.Dependencies	[10]	INFO	|10:36:37 Context 1396118886 for stage mean has resolved inputs [rnorm0.data] 
bpipe.Dependencies	[10]	INFO	|10:36:37 Saving output file details to file .bpipe/outputs/mean.rnorm0.mean.out.properties for command Rscript R/methods/me... 
bpipe.PipelineStage	[10]	INFO	|10:36:37 Checking files: [rnorm0.mean.out] 
bpipe.Dependencies	[10]	INFO	|10:36:37 Checking output (s) [rnorm0.mean.out] 
bpipe.Dependencies	[10]	INFO	|10:36:37  Checking file rnorm0.mean.out 
bpipe.PipelineContext	[10]	INFO	|10:36:37 Setting output [rnorm0.mean.out] on context 1285366524 in thread 1 
bpipe.PipelineStage	[10]	INFO	|10:36:37 Setting next inputs [rnorm0.mean.out] on stage 1783035748, context 1285366524 in thread 1 
bpipe.PipelineStage	[10]	INFO	|10:36:37 Checking files: [rnorm0.mean.out] 
bpipe.Dependencies	[10]	INFO	|10:36:37 Checking output (s) [rnorm0.mean.out] 
bpipe.Dependencies	[10]	INFO	|10:36:37  Checking file rnorm0.mean.out 
bpipe.Pipeline	[10]	INFO	|10:36:37 Pipeline segment  in thread 1 has finished normally 
bpipe.Pipeline	[10]	INFO	|10:36:37 Finished running segment for inputs null 
bpipe.Dependencies	[18]	INFO	|10:36:37 Reading property file .bpipe/outputs/mean.rnorm0.mean.out.properties 
bpipe.Dependencies	[18]	INFO	|10:36:37 Reading property file .bpipe/outputs/rnorm0.rnorm0.meta.properties 
bpipe.Dependencies	[19]	INFO	|10:36:37 Reading property file .bpipe/outputs/rnorm0.rnorm0.data.properties 
bpipe.Utils	[10]	INFO	|10:36:37 Output folder scan (concurrency=5) executed in 0.009 seconds 
bpipe.Dependencies	[10]	INFO	|10:36:37 External inputs: [[], []] for outputs [rnorm0.data, rnorm0.meta] 
bpipe.Dependencies	[10]	INFO	|10:36:37 There are 1 output groups 
bpipe.Dependencies	[10]	INFO	|10:36:37 Subtracting 2 remaining outputs from 3 total outputs 
bpipe.Dependencies	[10]	INFO	|10:36:37 External inputs: [[rnorm0.data]] for outputs [rnorm0.mean.out] 
bpipe.Dependencies	[10]	INFO	|10:36:37 New entry for rnorm0.mean.out 
bpipe.Dependencies	[10]	INFO	|10:36:37 Maxtimestamp for rnorm0.mean.out = 1444368997000 
bpipe.Dependencies	[10]	INFO	|10:36:37 There are 1 output groups 
bpipe.Dependencies	[10]	INFO	|10:36:37 Subtracting 1 remaining outputs from 1 total outputs 
bpipe.Dependencies	[10]	INFO	|10:36:37 There are 0 remaining outputs 
bpipe.Dependencies	[10]	INFO	|10:36:37 -- rnorm0.mean.out / entry 1378924033 -- 
bpipe.Dependencies	[10]	INFO	|10:36:37 Checking timestamp of rnorm0.mean.out vs input rnorm0.data 
bpipe.Dependencies	[10]	INFO	|10:36:37 rnorm0.mean.out is newer than input files 
bpipe.Dependencies	[10]	INFO	|10:36:37 ====Finished Output Graph===== 
bpipe.Dependencies	[10]	INFO	|10:36:37 There are 0 remaining outputs 
bpipe.Dependencies	[10]	INFO	|10:36:37 ---- rnorm0.data / entry 2080187854 ---- 
bpipe.Dependencies	[10]	INFO	|10:36:37 rnorm0.data is newer than input files 
bpipe.Dependencies	[10]	INFO	|10:36:37 ---- rnorm0.meta / entry 2080187854 ---- 
bpipe.Dependencies	[10]	INFO	|10:36:37 rnorm0.meta is newer than input files 
bpipe.Dependencies	[10]	INFO	|10:36:37 ====Finished Output Graph===== 
bpipe.Utils	[10]	INFO	|10:36:37 Index output graph executed in 0.001 seconds 
bpipe.Pipeline	[10]	INFO	|10:36:37 Output is rnorm0.mean.out 
bpipe.Runner	[20]	INFO	|10:36:37 Deleting job file /Users/stephens/.bpipedb/jobs/4224 
