bpipe.Runner	[10]	INFO	|10:40:25 Starting 
bpipe.Runner	[10]	INFO	|10:40:25 OS: Mac OS X (10.10.3) Java: 1.6.0_65 Vendor: Apple Inc. 
bpipe.Runner	[10]	INFO	|10:40:25 Initializing plugins ... 
bpipe.Config	[10]	INFO	|10:40:25 No plugins directory found: /Users/stephens/Dropbox/Documents/git/dsc-bpipe/one_sample_location/.bpipe/plugins 
bpipe.Runner	[10]	INFO	|10:40:25 Reading user config ...  
bpipe.Config	[10]	INFO	|10:40:25 No configuration file found in same dir as pipeline file /Users/stephens/Dropbox/Documents/git/dsc-bpipe/one_sample_location/bpipe.config 
bpipe.Config	[10]	INFO	|10:40:25 No local configuration file found 
bpipe.Utils	[11]	INFO	|10:40:25 Read config from /Users/stephens/bpipe-0.9.8.7/bin/../bpipe.config executed in 0.276 seconds 
bpipe.Utils	[10]	INFO	|10:40:25 Read user config executed in 0.430 seconds 
bpipe.Runner	[10]	INFO	|10:40:25 Loading tool database ...  
bpipe.Concurrency	[12]	INFO	|10:40:25 Creating thread pool with 32 threads to execute parallel pipelines 
bpipe.ToolDatabase	[13]	INFO	|10:40:25 Loading tool database from user configuration 
bpipe.NotificationManager	[14]	INFO	|10:40:25 Configuring notifications 
bpipe.NotificationManager	[14]	INFO	|10:40:25 Trying class name file for notification channel file 
bpipe.Tool	[13]	INFO	|10:40:25 Configured meta data about tool samtools 
bpipe.Tool	[13]	INFO	|10:40:25 Configured meta data about tool bwa 
bpipe.Tool	[13]	INFO	|10:40:25 Configured meta data about tool bowtie 
bpipe.Tool	[13]	INFO	|10:40:25 Configured meta data about tool fastqc 
bpipe.Tool	[13]	INFO	|10:40:25 Configured meta data about tool coverageBed 
bpipe.Tool	[13]	INFO	|10:40:25 Configured meta data about tool fastx_clipper 
bpipe.Tool	[13]	INFO	|10:40:25 Configured meta data about tool convert2annovar.pl 
bpipe.Tool	[13]	INFO	|10:40:25 Configured meta data about tool summarize_annovar.pl 
bpipe.Tool	[13]	INFO	|10:40:25 Configured meta data about tool bowtie2 
bpipe.Tool	[13]	INFO	|10:40:25 Configured meta data about tool GenomeAnalysisTK 
bpipe.Runner	[10]	INFO	|10:40:25 No CLI parameters specified 
bpipe.Tool	[13]	INFO	|10:40:25 Configured meta data about tool MarkDuplicates 
bpipe.Tool	[13]	INFO	|10:40:25 Configured meta data about tool signalp 
bpipe.Tool	[13]	INFO	|10:40:25 Configured meta data about tool variant_effect_predictor.pl 
bpipe.Tool	[13]	INFO	|10:40:25 Configured meta data about tool igvtools 
bpipe.Tool	[13]	INFO	|10:40:25 Configured meta data about tool ls 
bpipe.NotificationManager	[14]	INFO	|10:40:25 Unable to create notification channel using class file: java.lang.ClassNotFoundException: file 
bpipe.NotificationManager	[14]	INFO	|10:40:25 Trying class name bpipe.FILENotificationChannel for notification channel file 
bpipe.NotificationManager	[14]	INFO	|10:40:25 Unable to create notification channel using class bpipe.FILENotificationChannel: java.lang.ClassNotFoundException: bpipe.FILENotificationChannel 
bpipe.NotificationManager	[14]	INFO	|10:40:25 Trying class name bpipe.file for notification channel file 
bpipe.NotificationManager	[14]	INFO	|10:40:25 Unable to create notification channel using class bpipe.file: java.lang.ClassNotFoundException: bpipe.file 
bpipe.NotificationManager	[14]	INFO	|10:40:25 Trying class name bpipe.FileNotificationChannel for notification channel file 
bpipe.NotificationManager	[14]	INFO	|10:40:25 Successfully created notification channel using class bpipe.FileNotificationChannel 
bpipe.Runner	[10]	INFO	|10:40:26 Parsing script ...  
bpipe.Runner	[10]	INFO	|10:40:26 Run ...  
bpipe.Pipeline	[10]	INFO	|10:40:26 Running with input null 
bpipe.PipelineCategory	[10]	INFO	|10:40:26 Found closure variable rnorm0 
bpipe.PipelineCategory	[10]	INFO	|10:40:26 Found closure variable rnorm1 
bpipe.PipelineCategory	[10]	INFO	|10:40:26 Found closure variable mean 
bpipe.PipelineCategory	[10]	INFO	|10:40:26 Found closure variable MSE 
bpipe.Pipeline	[10]	WARNING	|10:40:26 Pipeline folder /Users/stephens/bpipes could not be found 
bpipe.Pipeline	[10]	INFO	|10:40:26 Loaded external reference: args 
bpipe.Pipeline	[10]	INFO	|10:40:26 External reference args is overridden by local reference 
bpipe.Pipeline	[10]	INFO	|10:40:26 Loaded external reference: rnorm0 
bpipe.Pipeline	[10]	INFO	|10:40:26 External reference rnorm0 is overridden by local reference 
bpipe.Pipeline	[10]	INFO	|10:40:26 Loaded external reference: rnorm1 
bpipe.Pipeline	[10]	INFO	|10:40:26 External reference rnorm1 is overridden by local reference 
bpipe.Pipeline	[10]	INFO	|10:40:26 Loaded external reference: mean 
bpipe.Pipeline	[10]	INFO	|10:40:26 External reference mean is overridden by local reference 
bpipe.Pipeline	[10]	INFO	|10:40:26 Loaded external reference: MSE 
bpipe.Pipeline	[10]	INFO	|10:40:26 External reference MSE is overridden by local reference 
bpipe.Pipeline	[10]	INFO	|10:40:26 Running segment with inputs null 
bpipe.Dependencies	[10]	INFO	|10:40:26 Checking input (s) null 
bpipe.Dependencies	[15]	INFO	|10:40:26 Reading property file .bpipe/outputs/mean.rnorm0.mean.out.properties 
bpipe.Dependencies	[16]	INFO	|10:40:26 Reading property file .bpipe/outputs/MSE.rnorm0.mean.MSE.score.properties 
bpipe.Dependencies	[17]	INFO	|10:40:26 Reading property file .bpipe/outputs/rnorm0.rnorm0.meta.properties 
bpipe.Dependencies	[18]	INFO	|10:40:26 Reading property file .bpipe/outputs/rnorm0.rnorm0.data.properties 
bpipe.Utils	[10]	INFO	|10:40:26 Output folder scan (concurrency=5) executed in 0.034 seconds 
bpipe.Dependencies	[10]	INFO	|10:40:26 External inputs: [[], []] for outputs [rnorm0.data, rnorm0.meta] 
bpipe.Dependencies	[10]	INFO	|10:40:26 There are 1 output groups 
bpipe.Dependencies	[10]	INFO	|10:40:26 Subtracting 2 remaining outputs from 4 total outputs 
bpipe.Dependencies	[10]	INFO	|10:40:26 External inputs: [[rnorm0.data]] for outputs [rnorm0.mean.out] 
bpipe.Dependencies	[10]	INFO	|10:40:26 New entry for rnorm0.mean.out 
bpipe.Dependencies	[10]	INFO	|10:40:26 Maxtimestamp for rnorm0.mean.out = 1444368997000 
bpipe.Dependencies	[10]	INFO	|10:40:26 There are 1 output groups 
bpipe.Dependencies	[10]	INFO	|10:40:26 Subtracting 1 remaining outputs from 2 total outputs 
bpipe.Dependencies	[10]	INFO	|10:40:26 External inputs: [[rnorm0.mean.out, rnorm0.meta]] for outputs [rnorm0.mean.MSE.score] 
bpipe.Dependencies	[10]	INFO	|10:40:26 New entry for rnorm0.mean.MSE.score 
bpipe.Dependencies	[10]	INFO	|10:40:26 Maxtimestamp for rnorm0.mean.MSE.score = 1444369139000 
bpipe.Dependencies	[10]	INFO	|10:40:26 There are 1 output groups 
bpipe.Dependencies	[10]	INFO	|10:40:26 Subtracting 1 remaining outputs from 1 total outputs 
bpipe.Dependencies	[10]	INFO	|10:40:26 There are 0 remaining outputs 
bpipe.Dependencies	[10]	INFO	|10:40:26  rnorm0.mean.MSE.score / entry 1446711308  
bpipe.Dependencies	[10]	INFO	|10:40:26 Checking timestamp of rnorm0.mean.MSE.score vs input rnorm0.mean.out 
bpipe.Dependencies	[10]	INFO	|10:40:26 Checking timestamp of rnorm0.mean.MSE.score vs input rnorm0.meta 
bpipe.Dependencies	[10]	INFO	|10:40:26 rnorm0.mean.MSE.score is newer than input files 
bpipe.Dependencies	[10]	INFO	|10:40:26 ====Finished Output Graph===== 
bpipe.Dependencies	[10]	INFO	|10:40:26 There are 0 remaining outputs 
bpipe.Dependencies	[10]	INFO	|10:40:26 -- rnorm0.mean.out / entry 1064325910 -- 
bpipe.Dependencies	[10]	INFO	|10:40:26 Checking timestamp of rnorm0.mean.out vs input rnorm0.data 
bpipe.Dependencies	[10]	INFO	|10:40:26 rnorm0.mean.out is newer than input files 
bpipe.Dependencies	[10]	INFO	|10:40:26 ====Finished Output Graph===== 
bpipe.Dependencies	[10]	INFO	|10:40:26 There are 0 remaining outputs 
bpipe.Dependencies	[10]	INFO	|10:40:26 ---- rnorm0.data / entry 313687096 ----- 
bpipe.Dependencies	[10]	INFO	|10:40:26 rnorm0.data is newer than input files 
bpipe.Dependencies	[10]	INFO	|10:40:26 ---- rnorm0.meta / entry 313687096 ----- 
bpipe.Dependencies	[10]	INFO	|10:40:26 rnorm0.meta is newer than input files 
bpipe.Dependencies	[10]	INFO	|10:40:26 ====Finished Output Graph===== 
bpipe.Utils	[10]	INFO	|10:40:26 Index output graph executed in 0.002 seconds 
bpipe.PipelineDelegate	[10]	INFO	|10:40:26 Setting or creating a delegate for context 138126577 body 63557232/java.lang.Class in thread 1 
bpipe.PipelineDelegate	[10]	INFO	|10:40:26 Created new delegate bpipe.PipelineDelegate@66e90097 overriding type java.lang.Class in thread 1 
bpipe.Dependencies	[10]	INFO	|10:40:26 Checking input (s) null 
bpipe.PipelineDelegate	[10]	INFO	|10:40:26 Setting or creating a delegate for context 420965983 body 1364143063/java.lang.Class in thread 1 
bpipe.PipelineDelegate	[10]	INFO	|10:40:26 Created new delegate bpipe.PipelineDelegate@e039859 overriding type java.lang.Class in thread 1 
bpipe.Dependencies	[10]	INFO	|10:40:26 Checking input (s) null 
bpipe.PipelineStage	[10]	INFO	|10:40:26 Stage rnorm0 : INPUT=null OUTPUT=rnorm0 
bpipe.PipelineDelegate	[10]	INFO	|10:40:26 Setting or creating a delegate for context 1848398916 body 623107838/script14443692260151481026932 in thread 1 
bpipe.PipelineDelegate	[10]	INFO	|10:40:26 Created new delegate bpipe.PipelineDelegate@205074de overriding type script14443692260151481026932 in thread 1 
bpipe.PipelineContext	[10]	INFO	|10:40:26 No inputs resolved by input wrappers: outputs based on default rnorm0 
bpipe.PipelineContext	[10]	INFO	|10:40:26 No inputs resolved by input wrappers: outputs based on default rnorm0 
bpipe.PipelineContext	[10]	INFO	|10:40:26 Tracking outputs referenced=[[]] inferred=[[rnorm0.data, rnorm0.meta]] for command Rscript R/scenarios/rnorm.R 1000 0 rnorm0.data rnorm0.meta 
bpipe.PipelineContext	[10]	INFO	|10:40:26 Checking actual resolved inputs [] 
bpipe.PipelineContext	[10]	INFO	|10:40:26 Skipping command Rscript R/scenarios/rnorm.R 10... because outputs [rnorm0.data, rnorm0.meta] already exist (no inputs referenced) 
bpipe.PipelineStage	[10]	INFO	|10:40:26 Stage rnorm0 returned null as default inputs for next stage 
bpipe.PipelineStage	[10]	INFO	|10:40:26 Using inferred outputs [rnorm0.data, rnorm0.meta] as outputs because no explicit outputs set 
bpipe.PipelineStage	[10]	INFO	|10:40:26 Inferring nextInputs from explicit output as [rnorm0.data, rnorm0.meta] 
bpipe.PipelineStage	[10]	INFO	|10:40:26 Setting next inputs [rnorm0.data, rnorm0.meta] on stage 230777035, context 1848398916 in thread 1 
bpipe.PipelineStage	[10]	INFO	|10:40:26 Checking files: [rnorm0.data, rnorm0.meta] 
bpipe.Dependencies	[10]	INFO	|10:40:26 Checking output (s) [rnorm0.data, rnorm0.meta] 
bpipe.Dependencies	[10]	INFO	|10:40:26  Checking file rnorm0.data 
bpipe.Dependencies	[10]	INFO	|10:40:26  Checking file rnorm0.meta 
bpipe.PipelineCategory	[10]	INFO	|10:40:26 Checking that outputs [rnorm0.data, rnorm0.meta] exist 
bpipe.Dependencies	[10]	INFO	|10:40:26 Checking input (s) [rnorm0.data, rnorm0.meta] 
bpipe.Dependencies	[10]	INFO	|10:40:26  Checking file rnorm0.data 
bpipe.Dependencies	[10]	INFO	|10:40:26  Checking file rnorm0.meta 
bpipe.PipelineCategory	[10]	INFO	|10:40:26 Next inputs from stage = [rnorm0.data, rnorm0.meta] 
bpipe.PipelineCategory	[10]	INFO	|10:40:26 Checking inputs for next stage:  [rnorm0.data, rnorm0.meta] 
bpipe.Dependencies	[10]	INFO	|10:40:26 Checking input (s) [rnorm0.data, rnorm0.meta] 
bpipe.Dependencies	[10]	INFO	|10:40:26  Checking file rnorm0.data 
bpipe.Dependencies	[10]	INFO	|10:40:26  Checking file rnorm0.meta 
bpipe.Dependencies	[10]	INFO	|10:40:26 Checking input (s) [rnorm0.data, rnorm0.meta] 
bpipe.Dependencies	[10]	INFO	|10:40:26  Checking file rnorm0.data 
bpipe.Dependencies	[10]	INFO	|10:40:26  Checking file rnorm0.meta 
bpipe.PipelineStage	[10]	INFO	|10:40:26 Stage mean : INPUT=[rnorm0.data, rnorm0.meta] OUTPUT=rnorm0.data.mean 
bpipe.PipelineDelegate	[10]	INFO	|10:40:26 Setting or creating a delegate for context 2034763835 body 1686183440/script14443692260151481026932 in thread 1 
bpipe.PipelineDelegate	[10]	INFO	|10:40:26 Created new delegate bpipe.PipelineDelegate@681497b1 overriding type script14443692260151481026932 in thread 1 
bpipe.PipelineInput	[10]	INFO	|10:40:26 Searching for missing Property: data 
bpipe.PipelineInput	[10]	INFO	|10:40:26 Resolving inputs matching pattern ^.*\.data$ 
bpipe.PipelineInput	[10]	INFO	|10:40:26 Checking outputs [rnorm0.data, rnorm0.meta] 
bpipe.PipelineInput	[10]	INFO	|10:40:26 Found files with exts [data$] : [[rnorm0.data]] 
bpipe.PipelineInput	[10]	INFO	|10:40:26 Adding resolved input rnorm0.data 
bpipe.PipelineContext	[10]	INFO	|10:40:26 Using non-default output due to input property reference: rnorm0.data from resolved inputs [rnorm0.data] 
bpipe.PipelineContext	[10]	INFO	|10:40:26 Tracking outputs referenced=[[]] inferred=[[rnorm0.mean.out]] for command Rscript R/methods/mean.R rnorm0.data rnorm0.mean.out 
bpipe.PipelineContext	[10]	INFO	|10:40:26 Checking actual resolved inputs [rnorm0.data] 
bpipe.Utils	[10]	INFO	|10:40:26 ===== Check rnorm0.mean.out ===== 
bpipe.Utils	[10]	INFO	|10:40:26 Checking rnorm0.mean.out against inputs [rnorm0.data] 
bpipe.Utils	[10]	INFO	|10:40:26 Check rnorm0.data : 1444368883000 >  rnorm0.mean.out : 1444368997000 
bpipe.Dependencies	[10]	INFO	|10:40:26 No missing / older files from inputs: [rnorm0.mean.out] are up to date 
bpipe.PipelineContext	[10]	INFO	|10:40:26 Skipping command Rscript R/methods/mean.R rnorm... due to inferred outputs [rnorm0.mean.out] newer than inputs [rnorm0.data, rnorm0.meta] 
bpipe.PipelineStage	[10]	INFO	|10:40:26 Stage mean returned null as default inputs for next stage 
bpipe.PipelineStage	[10]	INFO	|10:40:26 Using inferred outputs [rnorm0.mean.out] as outputs because no explicit outputs set 
bpipe.PipelineStage	[10]	INFO	|10:40:26 Inferring nextInputs from explicit output as [rnorm0.mean.out] 
bpipe.PipelineStage	[10]	INFO	|10:40:26 Setting next inputs [rnorm0.mean.out] on stage 415812785, context 2034763835 in thread 1 
bpipe.PipelineStage	[10]	INFO	|10:40:26 Checking files: [rnorm0.mean.out] 
bpipe.Dependencies	[10]	INFO	|10:40:26 Checking output (s) [rnorm0.mean.out] 
bpipe.Dependencies	[10]	INFO	|10:40:26  Checking file rnorm0.mean.out 
bpipe.PipelineContext	[10]	INFO	|10:40:26 Setting output [rnorm0.mean.out] on context 420965983 in thread 1 
bpipe.PipelineStage	[10]	INFO	|10:40:26 Setting next inputs [rnorm0.mean.out] on stage 1206352295, context 420965983 in thread 1 
bpipe.PipelineStage	[10]	INFO	|10:40:26 Checking files: [rnorm0.mean.out] 
bpipe.Dependencies	[10]	INFO	|10:40:26 Checking output (s) [rnorm0.mean.out] 
bpipe.Dependencies	[10]	INFO	|10:40:26  Checking file rnorm0.mean.out 
bpipe.PipelineCategory	[10]	INFO	|10:40:26 Checking that outputs [rnorm0.mean.out] exist 
bpipe.Dependencies	[10]	INFO	|10:40:26 Checking input (s) [rnorm0.mean.out] 
bpipe.Dependencies	[10]	INFO	|10:40:26  Checking file rnorm0.mean.out 
bpipe.PipelineCategory	[10]	INFO	|10:40:26 Next inputs from stage = [rnorm0.mean.out] 
bpipe.PipelineCategory	[10]	INFO	|10:40:26 Checking inputs for next stage:  [rnorm0.mean.out] 
bpipe.Dependencies	[10]	INFO	|10:40:26 Checking input (s) [rnorm0.mean.out] 
bpipe.Dependencies	[10]	INFO	|10:40:26  Checking file rnorm0.mean.out 
bpipe.Dependencies	[10]	INFO	|10:40:26 Checking input (s) [rnorm0.mean.out] 
bpipe.Dependencies	[10]	INFO	|10:40:26  Checking file rnorm0.mean.out 
bpipe.PipelineStage	[10]	INFO	|10:40:26 Stage MSE : INPUT=[rnorm0.mean.out] OUTPUT=rnorm0.mean.out.MSE 
bpipe.PipelineDelegate	[10]	INFO	|10:40:26 Setting or creating a delegate for context 747585196 body 1490870268/script14443692260151481026932 in thread 1 
bpipe.PipelineDelegate	[10]	INFO	|10:40:27 Created new delegate bpipe.PipelineDelegate@705ba50e overriding type script14443692260151481026932 in thread 1 
bpipe.PipelineInput	[10]	INFO	|10:40:27 Searching for missing Property: out 
bpipe.PipelineInput	[10]	INFO	|10:40:27 Resolving inputs matching pattern ^.*\.out$ 
bpipe.PipelineInput	[10]	INFO	|10:40:27 Checking outputs [rnorm0.mean.out] 
bpipe.PipelineInput	[10]	INFO	|10:40:27 Found files with exts [out$] : [[rnorm0.mean.out]] 
bpipe.PipelineInput	[10]	INFO	|10:40:27 Adding resolved input rnorm0.mean.out 
bpipe.PipelineInput	[10]	INFO	|10:40:27 Searching for missing Property: meta 
bpipe.PipelineInput	[10]	INFO	|10:40:27 Resolving inputs matching pattern ^.*\.meta$ 
bpipe.PipelineInput	[10]	INFO	|10:40:27 Checking outputs [rnorm0.mean.out] 
bpipe.PipelineInput	[10]	INFO	|10:40:27 Checking outputs [rnorm0.mean.out] 
bpipe.PipelineInput	[10]	INFO	|10:40:27 Checking outputs [rnorm0.data, rnorm0.meta] 
bpipe.PipelineInput	[10]	INFO	|10:40:27 Found files with exts [meta$] : [[rnorm0.meta]] 
bpipe.PipelineInput	[10]	INFO	|10:40:27 Adding resolved input rnorm0.meta 
bpipe.PipelineContext	[10]	INFO	|10:40:27 Using non-default output due to input property reference: rnorm0.mean.out from resolved inputs [rnorm0.mean.out, rnorm0.meta] 
bpipe.PipelineContext	[10]	INFO	|10:40:27 Tracking outputs referenced=[[]] inferred=[[rnorm0.mean.MSE.score]] for command Rscript R/scores/MSE.R rnorm0.mean.out rnorm0.meta rnorm0.mean.MSE.score 
bpipe.PipelineContext	[10]	INFO	|10:40:27 Checking actual resolved inputs [rnorm0.mean.out, rnorm0.meta] 
bpipe.Utils	[10]	INFO	|10:40:27 ===== Check rnorm0.mean.MSE.score ===== 
bpipe.Utils	[10]	INFO	|10:40:27 Checking rnorm0.mean.MSE.score against inputs [rnorm0.mean.out, rnorm0.meta] 
bpipe.Utils	[10]	INFO	|10:40:27 Check rnorm0.mean.out : 1444368997000 >  rnorm0.mean.MSE.score : 1444369139000 
bpipe.Utils	[10]	INFO	|10:40:27 Check rnorm0.meta : 1444368883000 >  rnorm0.mean.MSE.score : 1444369139000 
bpipe.Dependencies	[10]	INFO	|10:40:27 No missing / older files from inputs: [rnorm0.mean.MSE.score] are up to date 
bpipe.PipelineContext	[10]	INFO	|10:40:27 Skipping command Rscript R/scores/MSE.R rnorm0.... due to inferred outputs [rnorm0.mean.MSE.score] newer than inputs [rnorm0.mean.out] 
bpipe.PipelineStage	[10]	INFO	|10:40:27 Stage MSE returned null as default inputs for next stage 
bpipe.PipelineStage	[10]	INFO	|10:40:27 Using inferred outputs [rnorm0.mean.MSE.score] as outputs because no explicit outputs set 
bpipe.PipelineStage	[10]	INFO	|10:40:27 Inferring nextInputs from explicit output as [rnorm0.mean.MSE.score] 
bpipe.PipelineStage	[10]	INFO	|10:40:27 Setting next inputs [rnorm0.mean.MSE.score] on stage 306275455, context 747585196 in thread 1 
bpipe.PipelineStage	[10]	INFO	|10:40:27 Checking files: [rnorm0.mean.MSE.score] 
bpipe.Dependencies	[10]	INFO	|10:40:27 Checking output (s) [rnorm0.mean.MSE.score] 
bpipe.Dependencies	[10]	INFO	|10:40:27  Checking file rnorm0.mean.MSE.score 
bpipe.PipelineContext	[10]	INFO	|10:40:27 Setting output [rnorm0.mean.MSE.score] on context 138126577 in thread 1 
bpipe.PipelineStage	[10]	INFO	|10:40:27 Setting next inputs [rnorm0.mean.MSE.score] on stage 1837613354, context 138126577 in thread 1 
bpipe.PipelineStage	[10]	INFO	|10:40:27 Checking files: [rnorm0.mean.MSE.score] 
bpipe.Dependencies	[10]	INFO	|10:40:27 Checking output (s) [rnorm0.mean.MSE.score] 
bpipe.Dependencies	[10]	INFO	|10:40:27  Checking file rnorm0.mean.MSE.score 
bpipe.Pipeline	[10]	INFO	|10:40:27 Pipeline segment  in thread 1 has finished normally 
bpipe.Pipeline	[10]	INFO	|10:40:27 Finished running segment for inputs null 
bpipe.Dependencies	[19]	INFO	|10:40:27 Reading property file .bpipe/outputs/mean.rnorm0.mean.out.properties 
bpipe.Dependencies	[20]	INFO	|10:40:27 Reading property file .bpipe/outputs/MSE.rnorm0.mean.MSE.score.properties 
bpipe.Dependencies	[21]	INFO	|10:40:27 Reading property file .bpipe/outputs/rnorm0.rnorm0.meta.properties 
bpipe.Dependencies	[22]	INFO	|10:40:27 Reading property file .bpipe/outputs/rnorm0.rnorm0.data.properties 
bpipe.Utils	[10]	INFO	|10:40:27 Output folder scan (concurrency=5) executed in 0.014 seconds 
bpipe.Dependencies	[10]	INFO	|10:40:27 External inputs: [[], []] for outputs [rnorm0.data, rnorm0.meta] 
bpipe.Dependencies	[10]	INFO	|10:40:27 There are 1 output groups 
bpipe.Dependencies	[10]	INFO	|10:40:27 Subtracting 2 remaining outputs from 4 total outputs 
bpipe.Dependencies	[10]	INFO	|10:40:27 External inputs: [[rnorm0.data]] for outputs [rnorm0.mean.out] 
bpipe.Dependencies	[10]	INFO	|10:40:27 New entry for rnorm0.mean.out 
bpipe.Dependencies	[10]	INFO	|10:40:27 Maxtimestamp for rnorm0.mean.out = 1444368997000 
bpipe.Dependencies	[10]	INFO	|10:40:27 There are 1 output groups 
bpipe.Dependencies	[10]	INFO	|10:40:27 Subtracting 1 remaining outputs from 2 total outputs 
bpipe.Dependencies	[10]	INFO	|10:40:27 External inputs: [[rnorm0.mean.out, rnorm0.meta]] for outputs [rnorm0.mean.MSE.score] 
bpipe.Dependencies	[10]	INFO	|10:40:27 New entry for rnorm0.mean.MSE.score 
bpipe.Dependencies	[10]	INFO	|10:40:27 Maxtimestamp for rnorm0.mean.MSE.score = 1444369139000 
bpipe.Dependencies	[10]	INFO	|10:40:27 There are 1 output groups 
bpipe.Dependencies	[10]	INFO	|10:40:27 Subtracting 1 remaining outputs from 1 total outputs 
bpipe.Dependencies	[10]	INFO	|10:40:27 There are 0 remaining outputs 
bpipe.Dependencies	[10]	INFO	|10:40:27  rnorm0.mean.MSE.score / entry 206339600  
bpipe.Dependencies	[10]	INFO	|10:40:27 Checking timestamp of rnorm0.mean.MSE.score vs input rnorm0.mean.out 
bpipe.Dependencies	[10]	INFO	|10:40:27 Checking timestamp of rnorm0.mean.MSE.score vs input rnorm0.meta 
bpipe.Dependencies	[10]	INFO	|10:40:27 rnorm0.mean.MSE.score is newer than input files 
bpipe.Dependencies	[10]	INFO	|10:40:27 ====Finished Output Graph===== 
bpipe.Dependencies	[10]	INFO	|10:40:27 There are 0 remaining outputs 
bpipe.Dependencies	[10]	INFO	|10:40:27 -- rnorm0.mean.out / entry 1911050942 -- 
bpipe.Dependencies	[10]	INFO	|10:40:27 Checking timestamp of rnorm0.mean.out vs input rnorm0.data 
bpipe.Dependencies	[10]	INFO	|10:40:27 rnorm0.mean.out is newer than input files 
bpipe.Dependencies	[10]	INFO	|10:40:27 ====Finished Output Graph===== 
bpipe.Dependencies	[10]	INFO	|10:40:27 There are 0 remaining outputs 
bpipe.Dependencies	[10]	INFO	|10:40:27 ---- rnorm0.data / entry 1267757662 ---- 
bpipe.Dependencies	[10]	INFO	|10:40:27 rnorm0.data is newer than input files 
bpipe.Dependencies	[10]	INFO	|10:40:27 ---- rnorm0.meta / entry 1267757662 ---- 
bpipe.Dependencies	[10]	INFO	|10:40:27 rnorm0.meta is newer than input files 
bpipe.Dependencies	[10]	INFO	|10:40:27 ====Finished Output Graph===== 
bpipe.Utils	[10]	INFO	|10:40:27 Index output graph executed in 0 
bpipe.Pipeline	[10]	INFO	|10:40:27 Output is rnorm0.mean.MSE.score (pre-existing) 
