bpipe.Runner	[10]	INFO	|10:40:48 Starting 
bpipe.Runner	[10]	INFO	|10:40:48 OS: Mac OS X (10.10.3) Java: 1.6.0_65 Vendor: Apple Inc. 
bpipe.Runner	[10]	INFO	|10:40:48 Initializing plugins ... 
bpipe.Config	[10]	INFO	|10:40:48 No plugins directory found: /Users/stephens/Dropbox/Documents/git/dsc-bpipe/one_sample_location/.bpipe/plugins 
bpipe.Runner	[10]	INFO	|10:40:48 Reading user config ...  
bpipe.Config	[10]	INFO	|10:40:48 No configuration file found in same dir as pipeline file /Users/stephens/Dropbox/Documents/git/dsc-bpipe/one_sample_location/bpipe.config 
bpipe.Config	[10]	INFO	|10:40:48 No local configuration file found 
bpipe.Utils	[11]	INFO	|10:40:49 Read config from /Users/stephens/bpipe-0.9.8.7/bin/../bpipe.config executed in 0.347 seconds 
bpipe.Utils	[10]	INFO	|10:40:49 Read user config executed in 0.529 seconds 
bpipe.Runner	[10]	INFO	|10:40:49 Loading tool database ...  
bpipe.ToolDatabase	[12]	INFO	|10:40:49 Loading tool database from user configuration 
bpipe.Tool	[12]	INFO	|10:40:49 Configured meta data about tool samtools 
bpipe.Tool	[12]	INFO	|10:40:49 Configured meta data about tool bwa 
bpipe.Tool	[12]	INFO	|10:40:49 Configured meta data about tool bowtie 
bpipe.Tool	[12]	INFO	|10:40:49 Configured meta data about tool fastqc 
bpipe.Tool	[12]	INFO	|10:40:49 Configured meta data about tool coverageBed 
bpipe.Tool	[12]	INFO	|10:40:49 Configured meta data about tool fastx_clipper 
bpipe.Tool	[12]	INFO	|10:40:49 Configured meta data about tool convert2annovar.pl 
bpipe.Tool	[12]	INFO	|10:40:49 Configured meta data about tool summarize_annovar.pl 
bpipe.Tool	[12]	INFO	|10:40:49 Configured meta data about tool bowtie2 
bpipe.Tool	[12]	INFO	|10:40:49 Configured meta data about tool GenomeAnalysisTK 
bpipe.Tool	[12]	INFO	|10:40:49 Configured meta data about tool MarkDuplicates 
bpipe.Tool	[12]	INFO	|10:40:49 Configured meta data about tool signalp 
bpipe.Tool	[12]	INFO	|10:40:49 Configured meta data about tool variant_effect_predictor.pl 
bpipe.Tool	[12]	INFO	|10:40:49 Configured meta data about tool igvtools 
bpipe.Tool	[12]	INFO	|10:40:49 Configured meta data about tool ls 
bpipe.Concurrency	[13]	INFO	|10:40:49 Creating thread pool with 32 threads to execute parallel pipelines 
bpipe.NotificationManager	[14]	INFO	|10:40:49 Configuring notifications 
bpipe.NotificationManager	[14]	INFO	|10:40:49 Trying class name file for notification channel file 
bpipe.Runner	[10]	INFO	|10:40:49 No CLI parameters specified 
bpipe.NotificationManager	[14]	INFO	|10:40:49 Unable to create notification channel using class file: java.lang.ClassNotFoundException: file 
bpipe.NotificationManager	[14]	INFO	|10:40:49 Trying class name bpipe.FILENotificationChannel for notification channel file 
bpipe.NotificationManager	[14]	INFO	|10:40:49 Unable to create notification channel using class bpipe.FILENotificationChannel: java.lang.ClassNotFoundException: bpipe.FILENotificationChannel 
bpipe.NotificationManager	[14]	INFO	|10:40:49 Trying class name bpipe.file for notification channel file 
bpipe.NotificationManager	[14]	INFO	|10:40:49 Unable to create notification channel using class bpipe.file: java.lang.ClassNotFoundException: bpipe.file 
bpipe.NotificationManager	[14]	INFO	|10:40:49 Trying class name bpipe.FileNotificationChannel for notification channel file 
bpipe.NotificationManager	[14]	INFO	|10:40:49 Successfully created notification channel using class bpipe.FileNotificationChannel 
bpipe.Runner	[10]	INFO	|10:40:49 Parsing script ...  
bpipe.Runner	[10]	INFO	|10:40:49 Run ...  
bpipe.Pipeline	[10]	INFO	|10:40:49 Running with input null 
bpipe.PipelineCategory	[10]	INFO	|10:40:49 Found closure variable rnorm0 
bpipe.PipelineCategory	[10]	INFO	|10:40:49 Found closure variable rnorm1 
bpipe.PipelineCategory	[10]	INFO	|10:40:49 Found closure variable mean 
bpipe.PipelineCategory	[10]	INFO	|10:40:49 Found closure variable MSE 
bpipe.Pipeline	[10]	WARNING	|10:40:49 Pipeline folder /Users/stephens/bpipes could not be found 
bpipe.Pipeline	[10]	INFO	|10:40:49 Loaded external reference: args 
bpipe.Pipeline	[10]	INFO	|10:40:49 External reference args is overridden by local reference 
bpipe.Pipeline	[10]	INFO	|10:40:49 Loaded external reference: rnorm0 
bpipe.Pipeline	[10]	INFO	|10:40:49 External reference rnorm0 is overridden by local reference 
bpipe.Pipeline	[10]	INFO	|10:40:49 Loaded external reference: rnorm1 
bpipe.Pipeline	[10]	INFO	|10:40:49 External reference rnorm1 is overridden by local reference 
bpipe.Pipeline	[10]	INFO	|10:40:49 Loaded external reference: mean 
bpipe.Pipeline	[10]	INFO	|10:40:49 External reference mean is overridden by local reference 
bpipe.Pipeline	[10]	INFO	|10:40:49 Loaded external reference: MSE 
bpipe.Pipeline	[10]	INFO	|10:40:49 External reference MSE is overridden by local reference 
bpipe.Pipeline	[10]	INFO	|10:40:49 Running segment with inputs null 
bpipe.Dependencies	[10]	INFO	|10:40:49 Checking input (s) null 
bpipe.Dependencies	[15]	INFO	|10:40:49 Reading property file .bpipe/outputs/mean.rnorm0.mean.out.properties 
bpipe.Dependencies	[16]	INFO	|10:40:49 Reading property file .bpipe/outputs/MSE.rnorm0.mean.MSE.score.properties 
bpipe.Dependencies	[17]	INFO	|10:40:49 Reading property file .bpipe/outputs/rnorm0.rnorm0.meta.properties 
bpipe.Dependencies	[18]	INFO	|10:40:49 Reading property file .bpipe/outputs/rnorm0.rnorm0.data.properties 
bpipe.Utils	[10]	INFO	|10:40:49 Output folder scan (concurrency=5) executed in 0.053 seconds 
bpipe.Dependencies	[10]	INFO	|10:40:49 External inputs: [[], []] for outputs [rnorm0.data, rnorm0.meta] 
bpipe.Dependencies	[10]	INFO	|10:40:49 There are 1 output groups 
bpipe.Dependencies	[10]	INFO	|10:40:49 Subtracting 2 remaining outputs from 4 total outputs 
bpipe.Dependencies	[10]	INFO	|10:40:49 External inputs: [[rnorm0.data]] for outputs [rnorm0.mean.out] 
bpipe.Dependencies	[10]	INFO	|10:40:49 New entry for rnorm0.mean.out 
bpipe.Dependencies	[10]	INFO	|10:40:49 Maxtimestamp for rnorm0.mean.out = 1444368997000 
bpipe.Dependencies	[10]	INFO	|10:40:49 There are 1 output groups 
bpipe.Dependencies	[10]	INFO	|10:40:49 Subtracting 1 remaining outputs from 2 total outputs 
bpipe.Dependencies	[10]	INFO	|10:40:49 External inputs: [[rnorm0.mean.out, rnorm0.meta]] for outputs [rnorm0.mean.MSE.score] 
bpipe.Dependencies	[10]	INFO	|10:40:49 New entry for rnorm0.mean.MSE.score 
bpipe.Dependencies	[10]	INFO	|10:40:49 Maxtimestamp for rnorm0.mean.MSE.score = 1444369139000 
bpipe.Dependencies	[10]	INFO	|10:40:49 There are 1 output groups 
bpipe.Dependencies	[10]	INFO	|10:40:49 Subtracting 1 remaining outputs from 1 total outputs 
bpipe.Dependencies	[10]	INFO	|10:40:49 There are 0 remaining outputs 
bpipe.Dependencies	[10]	INFO	|10:40:49  rnorm0.mean.MSE.score / entry 826629364  
bpipe.Dependencies	[10]	INFO	|10:40:49 Checking timestamp of rnorm0.mean.MSE.score vs input rnorm0.mean.out 
bpipe.Dependencies	[10]	INFO	|10:40:49 Checking timestamp of rnorm0.mean.MSE.score vs input rnorm0.meta 
bpipe.Dependencies	[10]	INFO	|10:40:49 rnorm0.mean.MSE.score is newer than input files 
bpipe.Dependencies	[10]	INFO	|10:40:49 ====Finished Output Graph===== 
bpipe.Dependencies	[10]	INFO	|10:40:49 There are 0 remaining outputs 
bpipe.Dependencies	[10]	INFO	|10:40:49 -- rnorm0.mean.out / entry 315462269 --- 
bpipe.Dependencies	[10]	INFO	|10:40:49 Checking timestamp of rnorm0.mean.out vs input rnorm0.data 
bpipe.Dependencies	[10]	INFO	|10:40:49 rnorm0.mean.out is newer than input files 
bpipe.Dependencies	[10]	INFO	|10:40:49 ====Finished Output Graph===== 
bpipe.Dependencies	[10]	INFO	|10:40:49 There are 0 remaining outputs 
bpipe.Dependencies	[10]	INFO	|10:40:49 ---- rnorm0.data / entry 876433694 ----- 
bpipe.Dependencies	[10]	INFO	|10:40:49 rnorm0.data is newer than input files 
bpipe.Dependencies	[10]	INFO	|10:40:49 ---- rnorm0.meta / entry 876433694 ----- 
bpipe.Dependencies	[10]	INFO	|10:40:49 rnorm0.meta is newer than input files 
bpipe.Dependencies	[10]	INFO	|10:40:49 rnorm0.meta does not exist 
bpipe.Dependencies	[10]	INFO	|10:40:49 rnorm0.meta removed but not by bpipe 
bpipe.Dependencies	[10]	INFO	|10:40:49 ====Finished Output Graph===== 
bpipe.Utils	[10]	INFO	|10:40:49 Index output graph executed in 0.002 seconds 
bpipe.PipelineDelegate	[10]	INFO	|10:40:49 Setting or creating a delegate for context 297240915 body 681095483/java.lang.Class in thread 1 
bpipe.PipelineDelegate	[10]	INFO	|10:40:49 Created new delegate bpipe.PipelineDelegate@627c4768 overriding type java.lang.Class in thread 1 
bpipe.Dependencies	[10]	INFO	|10:40:49 Checking input (s) null 
bpipe.PipelineDelegate	[10]	INFO	|10:40:49 Setting or creating a delegate for context 507648203 body 90818290/java.lang.Class in thread 1 
bpipe.PipelineDelegate	[10]	INFO	|10:40:49 Created new delegate bpipe.PipelineDelegate@63843ca4 overriding type java.lang.Class in thread 1 
bpipe.Dependencies	[10]	INFO	|10:40:49 Checking input (s) null 
bpipe.PipelineStage	[10]	INFO	|10:40:49 Stage rnorm0 : INPUT=null OUTPUT=rnorm0 
bpipe.PipelineDelegate	[10]	INFO	|10:40:49 Setting or creating a delegate for context 494578190 body 2103606155/script14443692492391481026932 in thread 1 
bpipe.PipelineDelegate	[10]	INFO	|10:40:49 Created new delegate bpipe.PipelineDelegate@60328c40 overriding type script14443692492391481026932 in thread 1 
bpipe.PipelineContext	[10]	INFO	|10:40:49 No inputs resolved by input wrappers: outputs based on default rnorm0 
bpipe.PipelineContext	[10]	INFO	|10:40:49 No inputs resolved by input wrappers: outputs based on default rnorm0 
bpipe.PipelineContext	[10]	INFO	|10:40:49 Tracking outputs referenced=[[]] inferred=[[rnorm0.data, rnorm0.meta]] for command Rscript R/scenarios/rnorm.R 1000 0 rnorm0.data rnorm0.meta 
bpipe.PipelineContext	[10]	INFO	|10:40:49 Checking actual resolved inputs [] 
bpipe.Command	[10]	INFO	|10:40:49 Checking for configuration for command Rscript 
bpipe.Command	[10]	INFO	|10:40:49 Default command properties: [executor:local] 
bpipe.CommandManager	[10]	INFO	|10:40:49 Using config [executor:local] for command 
bpipe.CommandManager	[10]	INFO	|10:40:49 Created bpipe command id 6 
bpipe.Concurrency	[10]	INFO	|10:40:49 Thread main requesting for 1 concurrency permit(s) type threads with 32 available 
bpipe.Concurrency	[10]	INFO	|10:40:49 Thread main acquired resource threads in amount 1 
bpipe.Command	[19]	INFO	|10:40:49 Command 6 changing state from null to RUNNING 
bpipe.executor.ThrottledDelegatingCommandExecutor	[10]	INFO	|10:40:50 Waiting for command to complete before releasing 1 resources 
bpipe.Command	[10]	INFO	|10:40:50 Command 6 changing state from RUNNING to COMPLETE 
bpipe.executor.ThrottledDelegatingCommandExecutor	[10]	INFO	|10:40:50 Releasing 1 resources 
bpipe.Concurrency	[10]	INFO	|10:40:50 Thread main releasing 1 threads 
bpipe.executor.ThrottledDelegatingCommandExecutor	[10]	INFO	|10:40:50 Released 1 resources 
bpipe.PipelineStage	[10]	INFO	|10:40:50 Stage rnorm0 returned null as default inputs for next stage 
bpipe.PipelineStage	[10]	INFO	|10:40:50 Using inferred outputs [rnorm0.data, rnorm0.meta] as outputs because no explicit outputs set 
bpipe.PipelineStage	[10]	INFO	|10:40:50 Inferring nextInputs from explicit output as [rnorm0.data, rnorm0.meta] 
bpipe.PipelineStage	[10]	INFO	|10:40:50 Setting next inputs [rnorm0.data, rnorm0.meta] on stage 1349374216, context 494578190 in thread 1 
bpipe.Dependencies	[10]	INFO	|10:40:50 Reading property file .bpipe/outputs/rnorm0.rnorm0.data.properties 
bpipe.Dependencies	[10]	INFO	|10:40:50 Context 494578190 for stage rnorm0 has resolved inputs [] 
bpipe.Dependencies	[10]	INFO	|10:40:50 Saving output file details to file .bpipe/outputs/rnorm0.rnorm0.data.properties for command Rscript R/scenarios/... 
bpipe.Dependencies	[10]	INFO	|10:40:50 Reading property file .bpipe/outputs/rnorm0.rnorm0.meta.properties 
bpipe.Dependencies	[10]	INFO	|10:40:50 Context 494578190 for stage rnorm0 has resolved inputs [] 
bpipe.Dependencies	[10]	INFO	|10:40:50 Saving output file details to file .bpipe/outputs/rnorm0.rnorm0.meta.properties for command Rscript R/scenarios/... 
bpipe.PipelineStage	[10]	INFO	|10:40:50 Checking files: [rnorm0.data, rnorm0.meta] 
bpipe.Dependencies	[10]	INFO	|10:40:50 Checking output (s) [rnorm0.data, rnorm0.meta] 
bpipe.Dependencies	[10]	INFO	|10:40:50  Checking file rnorm0.data 
bpipe.Dependencies	[10]	INFO	|10:40:50  Checking file rnorm0.meta 
bpipe.PipelineCategory	[10]	INFO	|10:40:50 Checking that outputs [rnorm0.data, rnorm0.meta] exist 
bpipe.Dependencies	[10]	INFO	|10:40:50 Checking input (s) [rnorm0.data, rnorm0.meta] 
bpipe.Dependencies	[10]	INFO	|10:40:50  Checking file rnorm0.data 
bpipe.Dependencies	[10]	INFO	|10:40:50  Checking file rnorm0.meta 
bpipe.PipelineCategory	[10]	INFO	|10:40:50 Next inputs from stage = [rnorm0.data, rnorm0.meta] 
bpipe.PipelineCategory	[10]	INFO	|10:40:50 Checking inputs for next stage:  [rnorm0.data, rnorm0.meta] 
bpipe.Dependencies	[10]	INFO	|10:40:50 Checking input (s) [rnorm0.data, rnorm0.meta] 
bpipe.Dependencies	[10]	INFO	|10:40:50  Checking file rnorm0.data 
bpipe.Dependencies	[10]	INFO	|10:40:50  Checking file rnorm0.meta 
bpipe.Dependencies	[10]	INFO	|10:40:50 Checking input (s) [rnorm0.data, rnorm0.meta] 
bpipe.Dependencies	[10]	INFO	|10:40:50  Checking file rnorm0.data 
bpipe.Dependencies	[10]	INFO	|10:40:50  Checking file rnorm0.meta 
bpipe.PipelineStage	[10]	INFO	|10:40:50 Stage mean : INPUT=[rnorm0.data, rnorm0.meta] OUTPUT=rnorm0.data.mean 
bpipe.PipelineDelegate	[10]	INFO	|10:40:50 Setting or creating a delegate for context 321958204 body 1617163695/script14443692492391481026932 in thread 1 
bpipe.PipelineDelegate	[10]	INFO	|10:40:50 Created new delegate bpipe.PipelineDelegate@3bbe9a50 overriding type script14443692492391481026932 in thread 1 
bpipe.PipelineInput	[10]	INFO	|10:40:50 Searching for missing Property: data 
bpipe.PipelineInput	[10]	INFO	|10:40:50 Resolving inputs matching pattern ^.*\.data$ 
bpipe.PipelineInput	[10]	INFO	|10:40:50 Checking outputs [rnorm0.data, rnorm0.meta] 
bpipe.PipelineInput	[10]	INFO	|10:40:50 Found files with exts [data$] : [[rnorm0.data]] 
bpipe.PipelineInput	[10]	INFO	|10:40:50 Adding resolved input rnorm0.data 
bpipe.PipelineContext	[10]	INFO	|10:40:50 Using non-default output due to input property reference: rnorm0.data from resolved inputs [rnorm0.data] 
bpipe.PipelineContext	[10]	INFO	|10:40:50 Tracking outputs referenced=[[]] inferred=[[rnorm0.mean.out]] for command Rscript R/methods/mean.R rnorm0.data rnorm0.mean.out 
bpipe.PipelineContext	[10]	INFO	|10:40:50 Checking actual resolved inputs [rnorm0.data] 
bpipe.Utils	[10]	INFO	|10:40:50 ===== Check rnorm0.mean.out ===== 
bpipe.Utils	[10]	INFO	|10:40:50 Checking rnorm0.mean.out against inputs [rnorm0.data] 
bpipe.Utils	[10]	INFO	|10:40:50 Check rnorm0.data : 1444369250000 >  rnorm0.mean.out : 1444368997000 
bpipe.Dependencies	[10]	INFO	|10:40:50 Not up to date because these files exist and are older than inputs: [rnorm0.mean.out] 
bpipe.Command	[10]	INFO	|10:40:50 Checking for configuration for command Rscript 
bpipe.Command	[10]	INFO	|10:40:50 Default command properties: [executor:local] 
bpipe.CommandManager	[10]	INFO	|10:40:50 Using config [executor:local] for command 
bpipe.CommandManager	[10]	INFO	|10:40:50 Created bpipe command id 7 
bpipe.Concurrency	[10]	INFO	|10:40:50 Thread main requesting for 1 concurrency permit(s) type threads with 32 available 
bpipe.Concurrency	[10]	INFO	|10:40:50 Thread main acquired resource threads in amount 1 
bpipe.Command	[20]	INFO	|10:40:50 Command 7 changing state from null to RUNNING 
bpipe.executor.ThrottledDelegatingCommandExecutor	[10]	INFO	|10:40:50 Waiting for command to complete before releasing 1 resources 
bpipe.Command	[10]	INFO	|10:40:50 Command 7 changing state from RUNNING to COMPLETE 
bpipe.executor.ThrottledDelegatingCommandExecutor	[10]	INFO	|10:40:50 Releasing 1 resources 
bpipe.Concurrency	[10]	INFO	|10:40:50 Thread main releasing 1 threads 
bpipe.executor.ThrottledDelegatingCommandExecutor	[10]	INFO	|10:40:50 Released 1 resources 
bpipe.PipelineStage	[10]	INFO	|10:40:50 Stage mean returned null as default inputs for next stage 
bpipe.PipelineStage	[10]	INFO	|10:40:50 Using inferred outputs [rnorm0.mean.out] as outputs because no explicit outputs set 
bpipe.PipelineStage	[10]	INFO	|10:40:50 Inferring nextInputs from explicit output as [rnorm0.mean.out] 
bpipe.PipelineStage	[10]	INFO	|10:40:50 Setting next inputs [rnorm0.mean.out] on stage 820172888, context 321958204 in thread 1 
bpipe.Dependencies	[10]	INFO	|10:40:50 Reading property file .bpipe/outputs/mean.rnorm0.mean.out.properties 
bpipe.Dependencies	[10]	INFO	|10:40:50 Context 321958204 for stage mean has resolved inputs [rnorm0.data] 
bpipe.Dependencies	[10]	INFO	|10:40:50 Saving output file details to file .bpipe/outputs/mean.rnorm0.mean.out.properties for command Rscript R/methods/me... 
bpipe.PipelineStage	[10]	INFO	|10:40:50 Checking files: [rnorm0.mean.out] 
bpipe.Dependencies	[10]	INFO	|10:40:50 Checking output (s) [rnorm0.mean.out] 
bpipe.Dependencies	[10]	INFO	|10:40:50  Checking file rnorm0.mean.out 
bpipe.PipelineContext	[10]	INFO	|10:40:50 Setting output [rnorm0.mean.out] on context 507648203 in thread 1 
bpipe.PipelineStage	[10]	INFO	|10:40:50 Setting next inputs [rnorm0.mean.out] on stage 1589396619, context 507648203 in thread 1 
bpipe.PipelineStage	[10]	INFO	|10:40:50 Checking files: [rnorm0.mean.out] 
bpipe.Dependencies	[10]	INFO	|10:40:50 Checking output (s) [rnorm0.mean.out] 
bpipe.Dependencies	[10]	INFO	|10:40:50  Checking file rnorm0.mean.out 
bpipe.PipelineCategory	[10]	INFO	|10:40:50 Checking that outputs [rnorm0.mean.out] exist 
bpipe.Dependencies	[10]	INFO	|10:40:50 Checking input (s) [rnorm0.mean.out] 
bpipe.Dependencies	[10]	INFO	|10:40:50  Checking file rnorm0.mean.out 
bpipe.PipelineCategory	[10]	INFO	|10:40:50 Next inputs from stage = [rnorm0.mean.out] 
bpipe.PipelineCategory	[10]	INFO	|10:40:50 Checking inputs for next stage:  [rnorm0.mean.out] 
bpipe.Dependencies	[10]	INFO	|10:40:50 Checking input (s) [rnorm0.mean.out] 
bpipe.Dependencies	[10]	INFO	|10:40:50  Checking file rnorm0.mean.out 
bpipe.Dependencies	[10]	INFO	|10:40:50 Checking input (s) [rnorm0.mean.out] 
bpipe.Dependencies	[10]	INFO	|10:40:50  Checking file rnorm0.mean.out 
bpipe.PipelineStage	[10]	INFO	|10:40:50 Stage MSE : INPUT=[rnorm0.mean.out] OUTPUT=rnorm0.mean.out.MSE 
bpipe.PipelineDelegate	[10]	INFO	|10:40:50 Setting or creating a delegate for context 2047532945 body 1117185433/script14443692492391481026932 in thread 1 
bpipe.PipelineDelegate	[10]	INFO	|10:40:50 Created new delegate bpipe.PipelineDelegate@5fdbe72f overriding type script14443692492391481026932 in thread 1 
bpipe.PipelineInput	[10]	INFO	|10:40:50 Searching for missing Property: out 
bpipe.PipelineInput	[10]	INFO	|10:40:50 Resolving inputs matching pattern ^.*\.out$ 
bpipe.PipelineInput	[10]	INFO	|10:40:50 Checking outputs [rnorm0.mean.out] 
bpipe.PipelineInput	[10]	INFO	|10:40:50 Found files with exts [out$] : [[rnorm0.mean.out]] 
bpipe.PipelineInput	[10]	INFO	|10:40:50 Adding resolved input rnorm0.mean.out 
bpipe.PipelineInput	[10]	INFO	|10:40:50 Searching for missing Property: meta 
bpipe.PipelineInput	[10]	INFO	|10:40:50 Resolving inputs matching pattern ^.*\.meta$ 
bpipe.PipelineInput	[10]	INFO	|10:40:50 Checking outputs [rnorm0.mean.out] 
bpipe.PipelineInput	[10]	INFO	|10:40:50 Checking outputs [rnorm0.mean.out] 
bpipe.PipelineInput	[10]	INFO	|10:40:50 Checking outputs [rnorm0.data, rnorm0.meta] 
bpipe.PipelineInput	[10]	INFO	|10:40:50 Found files with exts [meta$] : [[rnorm0.meta]] 
bpipe.PipelineInput	[10]	INFO	|10:40:50 Adding resolved input rnorm0.meta 
bpipe.PipelineContext	[10]	INFO	|10:40:50 Using non-default output due to input property reference: rnorm0.mean.out from resolved inputs [rnorm0.mean.out, rnorm0.meta] 
bpipe.PipelineContext	[10]	INFO	|10:40:50 Tracking outputs referenced=[[]] inferred=[[rnorm0.mean.MSE.score]] for command Rscript R/scores/MSE.R rnorm0.mean.out rnorm0.meta rnorm0.mean.MSE.score 
bpipe.PipelineContext	[10]	INFO	|10:40:50 Checking actual resolved inputs [rnorm0.mean.out, rnorm0.meta] 
bpipe.Utils	[10]	INFO	|10:40:50 ===== Check rnorm0.mean.MSE.score ===== 
bpipe.Utils	[10]	INFO	|10:40:50 Checking rnorm0.mean.MSE.score against inputs [rnorm0.mean.out, rnorm0.meta] 
bpipe.Utils	[10]	INFO	|10:40:50 Check rnorm0.mean.out : 1444369250000 >  rnorm0.mean.MSE.score : 1444369139000 
bpipe.Dependencies	[10]	INFO	|10:40:50 Not up to date because these files exist and are older than inputs: [rnorm0.mean.MSE.score] 
bpipe.Command	[10]	INFO	|10:40:50 Checking for configuration for command Rscript 
bpipe.Command	[10]	INFO	|10:40:50 Default command properties: [executor:local] 
bpipe.CommandManager	[10]	INFO	|10:40:50 Using config [executor:local] for command 
bpipe.CommandManager	[10]	INFO	|10:40:50 Created bpipe command id 8 
bpipe.Concurrency	[10]	INFO	|10:40:50 Thread main requesting for 1 concurrency permit(s) type threads with 32 available 
bpipe.Concurrency	[10]	INFO	|10:40:50 Thread main acquired resource threads in amount 1 
bpipe.Command	[21]	INFO	|10:40:50 Command 8 changing state from null to RUNNING 
bpipe.executor.ThrottledDelegatingCommandExecutor	[10]	INFO	|10:40:50 Waiting for command to complete before releasing 1 resources 
bpipe.Command	[10]	INFO	|10:40:50 Command 8 changing state from RUNNING to COMPLETE 
bpipe.executor.ThrottledDelegatingCommandExecutor	[10]	INFO	|10:40:50 Releasing 1 resources 
bpipe.Concurrency	[10]	INFO	|10:40:50 Thread main releasing 1 threads 
bpipe.executor.ThrottledDelegatingCommandExecutor	[10]	INFO	|10:40:50 Released 1 resources 
bpipe.PipelineStage	[10]	INFO	|10:40:50 Stage MSE returned null as default inputs for next stage 
bpipe.PipelineStage	[10]	INFO	|10:40:50 Using inferred outputs [rnorm0.mean.MSE.score] as outputs because no explicit outputs set 
bpipe.PipelineStage	[10]	INFO	|10:40:50 Inferring nextInputs from explicit output as [rnorm0.mean.MSE.score] 
bpipe.PipelineStage	[10]	INFO	|10:40:50 Setting next inputs [rnorm0.mean.MSE.score] on stage 1946071974, context 2047532945 in thread 1 
bpipe.Dependencies	[10]	INFO	|10:40:50 Reading property file .bpipe/outputs/MSE.rnorm0.mean.MSE.score.properties 
bpipe.Dependencies	[10]	INFO	|10:40:50 Context 2047532945 for stage MSE has resolved inputs [rnorm0.mean.out, rnorm0.meta] 
bpipe.Dependencies	[10]	INFO	|10:40:50 Saving output file details to file .bpipe/outputs/MSE.rnorm0.mean.MSE.score.properties for command Rscript R/scores/MSE... 
bpipe.PipelineStage	[10]	INFO	|10:40:50 Checking files: [rnorm0.mean.MSE.score] 
bpipe.Dependencies	[10]	INFO	|10:40:50 Checking output (s) [rnorm0.mean.MSE.score] 
bpipe.Dependencies	[10]	INFO	|10:40:50  Checking file rnorm0.mean.MSE.score 
bpipe.PipelineContext	[10]	INFO	|10:40:50 Setting output [rnorm0.mean.MSE.score] on context 297240915 in thread 1 
bpipe.PipelineStage	[10]	INFO	|10:40:50 Setting next inputs [rnorm0.mean.MSE.score] on stage 1995000122, context 297240915 in thread 1 
bpipe.PipelineStage	[10]	INFO	|10:40:50 Checking files: [rnorm0.mean.MSE.score] 
bpipe.Dependencies	[10]	INFO	|10:40:50 Checking output (s) [rnorm0.mean.MSE.score] 
bpipe.Dependencies	[10]	INFO	|10:40:50  Checking file rnorm0.mean.MSE.score 
bpipe.Pipeline	[10]	INFO	|10:40:50 Pipeline segment  in thread 1 has finished normally 
bpipe.Pipeline	[10]	INFO	|10:40:50 Finished running segment for inputs null 
bpipe.Dependencies	[22]	INFO	|10:40:51 Reading property file .bpipe/outputs/mean.rnorm0.mean.out.properties 
bpipe.Dependencies	[23]	INFO	|10:40:51 Reading property file .bpipe/outputs/MSE.rnorm0.mean.MSE.score.properties 
bpipe.Dependencies	[24]	INFO	|10:40:51 Reading property file .bpipe/outputs/rnorm0.rnorm0.meta.properties 
bpipe.Dependencies	[25]	INFO	|10:40:51 Reading property file .bpipe/outputs/rnorm0.rnorm0.data.properties 
bpipe.Utils	[10]	INFO	|10:40:51 Output folder scan (concurrency=5) executed in 0.021 seconds 
bpipe.Dependencies	[10]	INFO	|10:40:51 External inputs: [[], []] for outputs [rnorm0.data, rnorm0.meta] 
bpipe.Dependencies	[10]	INFO	|10:40:51 There are 1 output groups 
bpipe.Dependencies	[10]	INFO	|10:40:51 Subtracting 2 remaining outputs from 4 total outputs 
bpipe.Dependencies	[10]	INFO	|10:40:51 External inputs: [[rnorm0.data]] for outputs [rnorm0.mean.out] 
bpipe.Dependencies	[10]	INFO	|10:40:51 New entry for rnorm0.mean.out 
bpipe.Dependencies	[10]	INFO	|10:40:51 Maxtimestamp for rnorm0.mean.out = 1444369250000 
bpipe.Dependencies	[10]	INFO	|10:40:51 There are 1 output groups 
bpipe.Dependencies	[10]	INFO	|10:40:51 Subtracting 1 remaining outputs from 2 total outputs 
bpipe.Dependencies	[10]	INFO	|10:40:51 External inputs: [[rnorm0.mean.out, rnorm0.meta]] for outputs [rnorm0.mean.MSE.score] 
bpipe.Dependencies	[10]	INFO	|10:40:51 New entry for rnorm0.mean.MSE.score 
bpipe.Dependencies	[10]	INFO	|10:40:51 Maxtimestamp for rnorm0.mean.MSE.score = 1444369250000 
bpipe.Dependencies	[10]	INFO	|10:40:51 There are 1 output groups 
bpipe.Dependencies	[10]	INFO	|10:40:51 Subtracting 1 remaining outputs from 1 total outputs 
bpipe.Dependencies	[10]	INFO	|10:40:51 There are 0 remaining outputs 
bpipe.Dependencies	[10]	INFO	|10:40:51  rnorm0.mean.MSE.score / entry 1612856292  
bpipe.Dependencies	[10]	INFO	|10:40:51 Checking timestamp of rnorm0.mean.MSE.score vs input rnorm0.mean.out 
bpipe.Dependencies	[10]	INFO	|10:40:51 Checking timestamp of rnorm0.mean.MSE.score vs input rnorm0.meta 
bpipe.Dependencies	[10]	INFO	|10:40:51 rnorm0.mean.MSE.score is newer than input files 
bpipe.Dependencies	[10]	INFO	|10:40:51 ====Finished Output Graph===== 
bpipe.Dependencies	[10]	INFO	|10:40:51 There are 0 remaining outputs 
bpipe.Dependencies	[10]	INFO	|10:40:51 -- rnorm0.mean.out / entry 1737107210 -- 
bpipe.Dependencies	[10]	INFO	|10:40:51 Checking timestamp of rnorm0.mean.out vs input rnorm0.data 
bpipe.Dependencies	[10]	INFO	|10:40:51 rnorm0.mean.out is newer than input files 
bpipe.Dependencies	[10]	INFO	|10:40:51 ====Finished Output Graph===== 
bpipe.Dependencies	[10]	INFO	|10:40:51 There are 0 remaining outputs 
bpipe.Dependencies	[10]	INFO	|10:40:51 ---- rnorm0.data / entry 520697505 ----- 
bpipe.Dependencies	[10]	INFO	|10:40:51 rnorm0.data is newer than input files 
bpipe.Dependencies	[10]	INFO	|10:40:51 ---- rnorm0.meta / entry 520697505 ----- 
bpipe.Dependencies	[10]	INFO	|10:40:51 rnorm0.meta is newer than input files 
bpipe.Dependencies	[10]	INFO	|10:40:51 ====Finished Output Graph===== 
bpipe.Utils	[10]	INFO	|10:40:51 Index output graph executed in 0 
bpipe.Pipeline	[10]	INFO	|10:40:51 Output is rnorm0.mean.MSE.score 
bpipe.Runner	[26]	INFO	|10:40:51 Deleting job file /Users/stephens/.bpipedb/jobs/4442 
