bpipe.Runner	[10]	INFO	|10:53:20 Starting 
bpipe.Runner	[10]	INFO	|10:53:20 OS: Mac OS X (10.10.3) Java: 1.6.0_65 Vendor: Apple Inc. 
bpipe.Runner	[10]	INFO	|10:53:20 Initializing plugins ... 
bpipe.Config	[10]	INFO	|10:53:20 No plugins directory found: /Users/stephens/Dropbox/Documents/git/dsc-bpipe/one_sample_location/.bpipe/plugins 
bpipe.Runner	[10]	INFO	|10:53:20 Reading user config ...  
bpipe.Config	[10]	INFO	|10:53:20 No configuration file found in same dir as pipeline file /Users/stephens/Dropbox/Documents/git/dsc-bpipe/one_sample_location/bpipe.config 
bpipe.Config	[10]	INFO	|10:53:20 No local configuration file found 
bpipe.Utils	[11]	INFO	|10:53:21 Read config from /Users/stephens/bpipe-0.9.8.7/bin/../bpipe.config executed in 0.348 seconds 
bpipe.Utils	[10]	INFO	|10:53:21 Read user config executed in 0.515 seconds 
bpipe.Runner	[10]	INFO	|10:53:21 Loading tool database ...  
bpipe.ToolDatabase	[12]	INFO	|10:53:21 Loading tool database from user configuration 
bpipe.Tool	[12]	INFO	|10:53:21 Configured meta data about tool samtools 
bpipe.Tool	[12]	INFO	|10:53:21 Configured meta data about tool bwa 
bpipe.Tool	[12]	INFO	|10:53:21 Configured meta data about tool bowtie 
bpipe.Tool	[12]	INFO	|10:53:21 Configured meta data about tool fastqc 
bpipe.Tool	[12]	INFO	|10:53:21 Configured meta data about tool coverageBed 
bpipe.Tool	[12]	INFO	|10:53:21 Configured meta data about tool fastx_clipper 
bpipe.Tool	[12]	INFO	|10:53:21 Configured meta data about tool convert2annovar.pl 
bpipe.Tool	[12]	INFO	|10:53:21 Configured meta data about tool summarize_annovar.pl 
bpipe.Tool	[12]	INFO	|10:53:21 Configured meta data about tool bowtie2 
bpipe.Tool	[12]	INFO	|10:53:21 Configured meta data about tool GenomeAnalysisTK 
bpipe.Tool	[12]	INFO	|10:53:21 Configured meta data about tool MarkDuplicates 
bpipe.Tool	[12]	INFO	|10:53:21 Configured meta data about tool signalp 
bpipe.Tool	[12]	INFO	|10:53:21 Configured meta data about tool variant_effect_predictor.pl 
bpipe.Tool	[12]	INFO	|10:53:21 Configured meta data about tool igvtools 
bpipe.Tool	[12]	INFO	|10:53:21 Configured meta data about tool ls 
bpipe.Concurrency	[13]	INFO	|10:53:21 Creating thread pool with 32 threads to execute parallel pipelines 
bpipe.Runner	[10]	INFO	|10:53:21 No CLI parameters specified 
bpipe.NotificationManager	[14]	INFO	|10:53:21 Configuring notifications 
bpipe.NotificationManager	[14]	INFO	|10:53:21 Trying class name file for notification channel file 
bpipe.NotificationManager	[14]	INFO	|10:53:21 Unable to create notification channel using class file: java.lang.ClassNotFoundException: file 
bpipe.NotificationManager	[14]	INFO	|10:53:21 Trying class name bpipe.FILENotificationChannel for notification channel file 
bpipe.NotificationManager	[14]	INFO	|10:53:21 Unable to create notification channel using class bpipe.FILENotificationChannel: java.lang.ClassNotFoundException: bpipe.FILENotificationChannel 
bpipe.NotificationManager	[14]	INFO	|10:53:21 Trying class name bpipe.file for notification channel file 
bpipe.NotificationManager	[14]	INFO	|10:53:21 Unable to create notification channel using class bpipe.file: java.lang.ClassNotFoundException: bpipe.file 
bpipe.NotificationManager	[14]	INFO	|10:53:21 Trying class name bpipe.FileNotificationChannel for notification channel file 
bpipe.NotificationManager	[14]	INFO	|10:53:21 Successfully created notification channel using class bpipe.FileNotificationChannel 
bpipe.Runner	[10]	INFO	|10:53:21 Parsing script ...  
bpipe.Runner	[10]	INFO	|10:53:21 Run ...  
bpipe.Pipeline	[10]	INFO	|10:53:21 Running with input null 
bpipe.PipelineCategory	[10]	INFO	|10:53:21 Found closure variable rnorm0 
bpipe.PipelineCategory	[10]	INFO	|10:53:21 Found closure variable rnorm1 
bpipe.PipelineCategory	[10]	INFO	|10:53:21 Found closure variable mean 
bpipe.PipelineCategory	[10]	INFO	|10:53:21 Found closure variable median 
bpipe.PipelineCategory	[10]	INFO	|10:53:21 Found closure variable MSE 
bpipe.Pipeline	[10]	WARNING	|10:53:21 Pipeline folder /Users/stephens/bpipes could not be found 
bpipe.Pipeline	[10]	INFO	|10:53:21 Loaded external reference: args 
bpipe.Pipeline	[10]	INFO	|10:53:21 External reference args is overridden by local reference 
bpipe.Pipeline	[10]	INFO	|10:53:21 Loaded external reference: rnorm0 
bpipe.Pipeline	[10]	INFO	|10:53:21 External reference rnorm0 is overridden by local reference 
bpipe.Pipeline	[10]	INFO	|10:53:21 Loaded external reference: rnorm1 
bpipe.Pipeline	[10]	INFO	|10:53:21 External reference rnorm1 is overridden by local reference 
bpipe.Pipeline	[10]	INFO	|10:53:21 Loaded external reference: mean 
bpipe.Pipeline	[10]	INFO	|10:53:21 External reference mean is overridden by local reference 
bpipe.Pipeline	[10]	INFO	|10:53:21 Loaded external reference: median 
bpipe.Pipeline	[10]	INFO	|10:53:21 External reference median is overridden by local reference 
bpipe.Pipeline	[10]	INFO	|10:53:21 Loaded external reference: MSE 
bpipe.Pipeline	[10]	INFO	|10:53:21 External reference MSE is overridden by local reference 
bpipe.Pipeline	[10]	INFO	|10:53:21 Constructed pipeline is list: [script14443700012081489438554$_run_closure1@66e9b6a, script14443700012081489438554$_run_closure2@479d4f72, LB:[mean,MSE]] 
bpipe.Pipeline	[10]	INFO	|10:53:21 Found list bouncer at 2: bouncing it out .... 
bpipe.Pipeline	[10]	INFO	|10:53:21 Constructed pipeline after bouncing is : [script14443700012081489438554$_run_closure1@66e9b6a, script14443700012081489438554$_run_closure2@479d4f72] 
bpipe.PipelineCategory	[10]	INFO	|10:53:21 Joiners for pipeline 1364143063 = [] 
bpipe.Pipeline	[10]	INFO	|10:53:21 Running segment with inputs null 
bpipe.Dependencies	[10]	INFO	|10:53:21 Checking input (s) null 
bpipe.Dependencies	[15]	INFO	|10:53:21 Reading property file .bpipe/outputs/mean.rnorm0.mean.out.properties 
bpipe.Dependencies	[16]	INFO	|10:53:21 Reading property file .bpipe/outputs/rnorm0.rnorm0.meta.properties 
bpipe.Dependencies	[17]	INFO	|10:53:21 Reading property file .bpipe/outputs/rnorm1.rnorm1.data.properties 
bpipe.Dependencies	[17]	INFO	|10:53:21 Reading property file .bpipe/outputs/rnorm1.rnorm1.meta.properties 
bpipe.Dependencies	[15]	INFO	|10:53:21 Reading property file .bpipe/outputs/rnorm0.rnorm0.data.properties 
bpipe.Dependencies	[18]	INFO	|10:53:21 Reading property file .bpipe/outputs/MSE.rnorm0.mean.MSE.score.properties 
bpipe.Utils	[10]	INFO	|10:53:21 Output folder scan (concurrency=5) executed in 0.044 seconds 
bpipe.Dependencies	[10]	INFO	|10:53:21 External inputs: [[], [], [], []] for outputs [rnorm0.data, rnorm0.meta, rnorm1.data, rnorm1.meta] 
bpipe.Dependencies	[10]	INFO	|10:53:21 There are 1 output groups 
bpipe.Dependencies	[10]	INFO	|10:53:21 Subtracting 4 remaining outputs from 6 total outputs 
bpipe.Dependencies	[10]	INFO	|10:53:21 External inputs: [[rnorm0.data]] for outputs [rnorm0.mean.out] 
bpipe.Dependencies	[10]	INFO	|10:53:21 New entry for rnorm0.mean.out 
bpipe.Dependencies	[10]	INFO	|10:53:21 Maxtimestamp for rnorm0.mean.out = 1444369250000 
bpipe.Dependencies	[10]	INFO	|10:53:21 There are 1 output groups 
bpipe.Dependencies	[10]	INFO	|10:53:21 Subtracting 1 remaining outputs from 2 total outputs 
bpipe.Dependencies	[10]	INFO	|10:53:21 External inputs: [[rnorm0.mean.out, rnorm0.meta]] for outputs [rnorm0.mean.MSE.score] 
bpipe.Dependencies	[10]	INFO	|10:53:21 New entry for rnorm0.mean.MSE.score 
bpipe.Dependencies	[10]	INFO	|10:53:21 Maxtimestamp for rnorm0.mean.MSE.score = 1444369250000 
bpipe.Dependencies	[10]	INFO	|10:53:21 There are 1 output groups 
bpipe.Dependencies	[10]	INFO	|10:53:21 Subtracting 1 remaining outputs from 1 total outputs 
bpipe.Dependencies	[10]	INFO	|10:53:21 There are 0 remaining outputs 
bpipe.Dependencies	[10]	INFO	|10:53:21  rnorm0.mean.MSE.score / entry 859752280  
bpipe.Dependencies	[10]	INFO	|10:53:21 Checking timestamp of rnorm0.mean.MSE.score vs input rnorm0.mean.out 
bpipe.Dependencies	[10]	INFO	|10:53:21 Checking timestamp of rnorm0.mean.MSE.score vs input rnorm0.meta 
bpipe.Dependencies	[10]	INFO	|10:53:21 rnorm0.mean.MSE.score is newer than input files 
bpipe.Dependencies	[10]	INFO	|10:53:21 ====Finished Output Graph===== 
bpipe.Dependencies	[10]	INFO	|10:53:21 There are 0 remaining outputs 
bpipe.Dependencies	[10]	INFO	|10:53:21 -- rnorm0.mean.out / entry 1088008305 -- 
bpipe.Dependencies	[10]	INFO	|10:53:21 Checking timestamp of rnorm0.mean.out vs input rnorm0.data 
bpipe.Dependencies	[10]	INFO	|10:53:21 rnorm0.mean.out is newer than input files 
bpipe.Dependencies	[10]	INFO	|10:53:21 ====Finished Output Graph===== 
bpipe.Dependencies	[10]	INFO	|10:53:21 There are 0 remaining outputs 
bpipe.Dependencies	[10]	INFO	|10:53:21 ---- rnorm0.data / entry 1984714287 ---- 
bpipe.Dependencies	[10]	INFO	|10:53:21 rnorm0.data is newer than input files 
bpipe.Dependencies	[10]	INFO	|10:53:21 ---- rnorm0.meta / entry 1984714287 ---- 
bpipe.Dependencies	[10]	INFO	|10:53:21 rnorm0.meta is newer than input files 
bpipe.Dependencies	[10]	INFO	|10:53:21 ---- rnorm1.data / entry 1984714287 ---- 
bpipe.Dependencies	[10]	INFO	|10:53:21 rnorm1.data is newer than input files 
bpipe.Dependencies	[10]	INFO	|10:53:21 ---- rnorm1.meta / entry 1984714287 ---- 
bpipe.Dependencies	[10]	INFO	|10:53:21 rnorm1.meta is newer than input files 
bpipe.Dependencies	[10]	INFO	|10:53:21 ====Finished Output Graph===== 
bpipe.Utils	[10]	INFO	|10:53:21 Index output graph executed in 0.002 seconds 
bpipe.PipelineDelegate	[10]	INFO	|10:53:21 Setting or creating a delegate for context 747585196 body 1885054222/java.lang.Class in thread 1 
bpipe.PipelineDelegate	[10]	INFO	|10:53:21 Created new delegate bpipe.PipelineDelegate@5114ef62 overriding type java.lang.Class in thread 1 
bpipe.Dependencies	[10]	INFO	|10:53:21 Checking input (s) null 
bpipe.PipelineDelegate	[10]	INFO	|10:53:21 Setting or creating a delegate for context 2125030918 body 594105569/java.lang.Class in thread 1 
bpipe.PipelineDelegate	[10]	INFO	|10:53:21 Created new delegate bpipe.PipelineDelegate@584391f0 overriding type java.lang.Class in thread 1 
bpipe.PipelineCategory	[10]	INFO	|10:53:21 multiply on input null with pattern * 
bpipe.InputSplitter	[10]	INFO	|10:53:21 Found * pattern at [0], hash at [] and % at [] 
bpipe.InputSplitter	[10]	INFO	|10:53:21 Sorted: [0] 
bpipe.InputSplitter	[10]	INFO	|10:53:21 % groups are at [] 
bpipe.InputSplitter	[10]	INFO	|10:53:21 Result is [pattern:([^/]*), splits:[]] 
bpipe.PipelineCategory	[10]	INFO	|10:53:21 Created pipeline stage 1219830954 for parallel block 
bpipe.PipelineCategory	[10]	INFO	|10:53:21 Processing segment 107912042 
bpipe.PipelineCategory	[10]	INFO	|10:53:21 Creating pipeline to run parallel segment * with files null. Branch filter = [] 
bpipe.PipelineCategory	[10]	INFO	|10:53:21 Processing segment 1201491826 
bpipe.PipelineCategory	[10]	INFO	|10:53:21 Creating pipeline to run parallel segment * with files null. Branch filter = [] 
bpipe.PipelineContext	[19]	INFO	|10:53:21 Setting output null on context 982242235 in thread 23 
bpipe.PipelineContext	[20]	INFO	|10:53:21 Setting output null on context 280648321 in thread 24 
bpipe.Concurrency	[10]	INFO	|10:53:21 Waiting for 2 parallel stages to complete (pool.active=2 pool.tasks=2) 
bpipe.PipelineContext	[20]	INFO	|10:53:21 No inputs resolved by input wrappers: outputs based on default null 
bpipe.PipelineContext	[19]	INFO	|10:53:21 No inputs resolved by input wrappers: outputs based on default null 
bpipe.PipelineCategory	[19]	INFO	|10:53:21 Adding dummy prior stage for thread 23 with outputs : null 
bpipe.PipelineCategory	[20]	INFO	|10:53:21 Adding dummy prior stage for thread 24 with outputs : null 
bpipe.Pipeline	[19]	INFO	|10:53:21 Running segment with inputs null 
bpipe.Pipeline	[20]	INFO	|10:53:21 Running segment with inputs null 
bpipe.Dependencies	[20]	INFO	|10:53:21 Checking input (s) null 
bpipe.Dependencies	[19]	INFO	|10:53:21 Checking input (s) null 
bpipe.PipelineStage	[20]	INFO	|10:53:21 Stage rnorm1 [*] : INPUT=null OUTPUT=rnorm1 
bpipe.PipelineDelegate	[20]	INFO	|10:53:21 Setting or creating a delegate for context 230967917 body 1201491826/script14443700012081489438554 in thread 24 
bpipe.PipelineDelegate	[20]	INFO	|10:53:21 Created new delegate bpipe.PipelineDelegate@2bb64b70 overriding type script14443700012081489438554 in thread 24 
bpipe.PipelineStage	[19]	INFO	|10:53:21 Stage rnorm0 [*] : INPUT=null OUTPUT=rnorm0 
bpipe.PipelineDelegate	[19]	INFO	|10:53:21 Setting or creating a delegate for context 451295216 body 107912042/script14443700012081489438554 in thread 23 
bpipe.PipelineDelegate	[19]	INFO	|10:53:21 Created new delegate bpipe.PipelineDelegate@b9deddb overriding type script14443700012081489438554 in thread 23 
bpipe.PipelineContext	[20]	INFO	|10:53:21 No inputs resolved by input wrappers: outputs based on default rnorm1 
bpipe.PipelineContext	[19]	INFO	|10:53:21 No inputs resolved by input wrappers: outputs based on default rnorm0 
bpipe.PipelineContext	[20]	INFO	|10:53:21 No inputs resolved by input wrappers: outputs based on default rnorm1 
bpipe.PipelineContext	[19]	INFO	|10:53:21 No inputs resolved by input wrappers: outputs based on default rnorm0 
bpipe.PipelineContext	[20]	INFO	|10:53:21 Tracking outputs referenced=[[]] inferred=[[rnorm1.data, rnorm1.meta]] for command Rscript R/scenarios/rnorm.R 1000 1 rnorm1.data rnorm1.meta 
bpipe.PipelineContext	[19]	INFO	|10:53:21 Tracking outputs referenced=[[]] inferred=[[rnorm0.data, rnorm0.meta]] for command Rscript R/scenarios/rnorm.R 1000 0 rnorm0.data rnorm0.meta 
bpipe.PipelineContext	[20]	INFO	|10:53:21 Checking actual resolved inputs [] 
bpipe.PipelineContext	[19]	INFO	|10:53:21 Checking actual resolved inputs [] 
bpipe.PipelineContext	[20]	INFO	|10:53:21 Skipping command Rscript R/scenarios/rnorm.R 10... because outputs [rnorm1.data, rnorm1.meta] already exist (no inputs referenced) 
bpipe.PipelineContext	[19]	INFO	|10:53:21 Skipping command Rscript R/scenarios/rnorm.R 10... because outputs [rnorm0.data, rnorm0.meta] already exist (no inputs referenced) 
bpipe.PipelineStage	[20]	INFO	|10:53:21 Stage rnorm1 [*] returned null as default inputs for next stage 
bpipe.PipelineStage	[19]	INFO	|10:53:21 Stage rnorm0 [*] returned null as default inputs for next stage 
bpipe.PipelineStage	[20]	INFO	|10:53:21 Using inferred outputs [rnorm1.data, rnorm1.meta] as outputs because no explicit outputs set 
bpipe.PipelineStage	[19]	INFO	|10:53:21 Using inferred outputs [rnorm0.data, rnorm0.meta] as outputs because no explicit outputs set 
bpipe.PipelineStage	[20]	INFO	|10:53:21 Inferring nextInputs from explicit output as [rnorm1.data, rnorm1.meta] 
bpipe.PipelineStage	[19]	INFO	|10:53:21 Inferring nextInputs from explicit output as [rnorm0.data, rnorm0.meta] 
bpipe.PipelineStage	[20]	INFO	|10:53:21 Setting next inputs [rnorm1.data, rnorm1.meta] on stage 998609093, context 230967917 in thread 24 
bpipe.PipelineStage	[19]	INFO	|10:53:21 Setting next inputs [rnorm0.data, rnorm0.meta] on stage 1038324746, context 451295216 in thread 23 
bpipe.PipelineStage	[20]	INFO	|10:53:21 Checking files: [rnorm1.data, rnorm1.meta] 
bpipe.Dependencies	[20]	INFO	|10:53:21 Checking output (s) [rnorm1.data, rnorm1.meta] 
bpipe.PipelineStage	[19]	INFO	|10:53:21 Checking files: [rnorm0.data, rnorm0.meta] 
bpipe.Dependencies	[20]	INFO	|10:53:21  Checking file rnorm1.data 
bpipe.Dependencies	[20]	INFO	|10:53:22  Checking file rnorm1.meta 
bpipe.Pipeline	[20]	INFO	|10:53:22 Pipeline segment *.2 in thread 24 has finished normally 
bpipe.Dependencies	[19]	INFO	|10:53:21 Checking output (s) [rnorm0.data, rnorm0.meta] 
bpipe.Pipeline	[20]	INFO	|10:53:22 Finished running segment for inputs null 
bpipe.Dependencies	[19]	INFO	|10:53:22  Checking file rnorm0.data 
bpipe.Dependencies	[19]	INFO	|10:53:22  Checking file rnorm0.meta 
bpipe.Pipeline	[19]	INFO	|10:53:22 Pipeline segment *.1 in thread 23 has finished normally 
bpipe.Pipeline	[19]	INFO	|10:53:22 Finished running segment for inputs null 
bpipe.Concurrency	[19]	INFO	|10:53:22 Decremented running count to 0 in thread Thread-8 
bpipe.Concurrency	[20]	INFO	|10:53:22 Decremented running count to 1 in thread Thread-9 
bpipe.PipelineCategory	[10]	INFO	|10:53:22 Parent pipeline of concurent sections [759990306, 2071824233] is 1364143063 
bpipe.PipelineCategory	[10]	INFO	|10:53:22 Maximum child stage list length = 1 
bpipe.PipelineCategory	[10]	INFO	|10:53:22 ###### Merging results of parallel split in parent branch  ##### 
bpipe.PipelineCategory	[10]	INFO	|10:53:22 Grouping stages at index 0 [rnorm0, rnorm1] for merging 
bpipe.PipelineCategory	[10]	INFO	|10:53:22 Merged outputs are [rnorm0.data, rnorm0.meta] 
bpipe.PipelineContext	[10]	INFO	|10:53:22 Setting output [rnorm0.data, rnorm0.meta] on context 936899572 in thread 1 
bpipe.PipelineCategory	[10]	INFO	|10:53:22 Merged outputs are [rnorm1.data, rnorm1.meta] 
bpipe.PipelineContext	[10]	INFO	|10:53:22 Setting output [rnorm1.data, rnorm1.meta] on context 1709947408 in thread 1 
bpipe.PipelineCategory	[10]	INFO	|10:53:22 There are 1 stages from nested pipelines 
bpipe.PipelineCategory	[10]	INFO	|10:53:22 There [bpipe.PipelineStage@3de3940a, bpipe.PipelineStage@3b8590c5] parallel paths in final stage 
bpipe.PipelineCategory	[10]	INFO	|10:53:22 Last merged outputs are [rnorm0.data, rnorm0.meta, rnorm1.data, rnorm1.meta] 
bpipe.PipelineContext	[10]	INFO	|10:53:22 Setting output [rnorm0.data, rnorm0.meta, rnorm1.data, rnorm1.meta] on context 344787473 in thread 1 
bpipe.PipelineCategory	[10]	INFO	|10:53:22 Merged stage name is rnorm0_rnorm1_bpipe_merge 
bpipe.PipelineContext	[10]	INFO	|10:53:22 Setting output [rnorm0.data, rnorm0.meta, rnorm1.data, rnorm1.meta] on context 2125030918 in thread 1 
bpipe.PipelineStage	[10]	INFO	|10:53:22 Setting next inputs [rnorm0.data, rnorm0.meta, rnorm1.data, rnorm1.meta] on stage 1342263456, context 2125030918 in thread 1 
bpipe.PipelineStage	[10]	INFO	|10:53:22 Checking files: [rnorm0.data, rnorm0.meta, rnorm1.data, rnorm1.meta] 
bpipe.Dependencies	[10]	INFO	|10:53:22 Checking output (s) [rnorm0.data, rnorm0.meta, rnorm1.data, rnorm1.meta] 
bpipe.Dependencies	[10]	INFO	|10:53:22  Checking file rnorm0.data 
bpipe.Dependencies	[10]	INFO	|10:53:22  Checking file rnorm0.meta 
bpipe.Dependencies	[10]	INFO	|10:53:22  Checking file rnorm1.data 
bpipe.Dependencies	[10]	INFO	|10:53:22  Checking file rnorm1.meta 
bpipe.PipelineCategory	[10]	INFO	|10:53:22 Checking that outputs [rnorm0.data, rnorm0.meta, rnorm1.data, rnorm1.meta] exist 
bpipe.Dependencies	[10]	INFO	|10:53:22 Checking input (s) [rnorm0.data, rnorm0.meta, rnorm1.data, rnorm1.meta] 
bpipe.Dependencies	[10]	INFO	|10:53:22  Checking file rnorm0.data 
bpipe.Dependencies	[10]	INFO	|10:53:22  Checking file rnorm0.meta 
bpipe.Dependencies	[10]	INFO	|10:53:22  Checking file rnorm1.data 
bpipe.Dependencies	[10]	INFO	|10:53:22  Checking file rnorm1.meta 
bpipe.PipelineCategory	[10]	INFO	|10:53:22 Next inputs from stage = [rnorm0.data, rnorm0.meta, rnorm1.data, rnorm1.meta] 
bpipe.PipelineCategory	[10]	INFO	|10:53:22 Checking inputs for next stage:  [rnorm0.data, rnorm0.meta, rnorm1.data, rnorm1.meta] 
bpipe.Dependencies	[10]	INFO	|10:53:22 Checking input (s) [rnorm0.data, rnorm0.meta, rnorm1.data, rnorm1.meta] 
bpipe.Dependencies	[10]	INFO	|10:53:22  Checking file rnorm0.data 
bpipe.Dependencies	[10]	INFO	|10:53:22  Checking file rnorm0.meta 
bpipe.Dependencies	[10]	INFO	|10:53:22  Checking file rnorm1.data 
bpipe.Dependencies	[10]	INFO	|10:53:22  Checking file rnorm1.meta 
bpipe.Dependencies	[10]	INFO	|10:53:22 Checking input (s) [rnorm0.data, rnorm0.meta, rnorm1.data, rnorm1.meta] 
bpipe.Dependencies	[10]	INFO	|10:53:22  Checking file rnorm0.data 
bpipe.Dependencies	[10]	INFO	|10:53:22  Checking file rnorm0.meta 
bpipe.Dependencies	[10]	INFO	|10:53:22  Checking file rnorm1.data 
bpipe.Dependencies	[10]	INFO	|10:53:22  Checking file rnorm1.meta 
bpipe.PipelineDelegate	[10]	INFO	|10:53:22 Setting or creating a delegate for context 744381461 body 1726971252/java.lang.Class in thread 1 
bpipe.PipelineDelegate	[10]	INFO	|10:53:22 Created new delegate bpipe.PipelineDelegate@75157f77 overriding type java.lang.Class in thread 1 
bpipe.Dependencies	[10]	INFO	|10:53:22 Checking input (s) [rnorm0.data, rnorm0.meta, rnorm1.data, rnorm1.meta] 
bpipe.Dependencies	[10]	INFO	|10:53:22  Checking file rnorm0.data 
bpipe.Dependencies	[10]	INFO	|10:53:22  Checking file rnorm0.meta 
bpipe.Dependencies	[10]	INFO	|10:53:22  Checking file rnorm1.data 
bpipe.Dependencies	[10]	INFO	|10:53:22  Checking file rnorm1.meta 
bpipe.PipelineStage	[10]	INFO	|10:53:22 Stage mean : INPUT=[rnorm0.data, rnorm0.meta, rnorm1.data, rnorm1.meta] OUTPUT=rnorm0.data.mean 
bpipe.PipelineDelegate	[10]	INFO	|10:53:22 Setting or creating a delegate for context 1002347088 body 684386841/script14443700012081489438554 in thread 1 
bpipe.PipelineDelegate	[10]	INFO	|10:53:22 Created new delegate bpipe.PipelineDelegate@3e0339 overriding type script14443700012081489438554 in thread 1 
bpipe.PipelineInput	[10]	INFO	|10:53:22 Searching for missing Property: data 
bpipe.PipelineInput	[10]	INFO	|10:53:22 Resolving inputs matching pattern ^.*\.data$ 
bpipe.PipelineInput	[10]	INFO	|10:53:22 Checking outputs [rnorm0.data, rnorm0.meta, rnorm1.data, rnorm1.meta] 
bpipe.PipelineInput	[10]	INFO	|10:53:22 Found files with exts [data$] : [[rnorm0.data, rnorm1.data]] 
bpipe.PipelineInput	[10]	INFO	|10:53:22 Adding resolved input rnorm0.data 
bpipe.PipelineContext	[10]	INFO	|10:53:22 Using non-default output due to input property reference: rnorm0.data from resolved inputs [rnorm0.data] 
bpipe.PipelineContext	[10]	INFO	|10:53:22 Tracking outputs referenced=[[]] inferred=[[rnorm0.mean.out]] for command Rscript R/methods/mean.R rnorm0.data rnorm0.mean.out 
bpipe.PipelineContext	[10]	INFO	|10:53:22 Checking actual resolved inputs [rnorm0.data] 
bpipe.Utils	[10]	INFO	|10:53:22 ===== Check rnorm0.mean.out ===== 
bpipe.Utils	[10]	INFO	|10:53:22 Checking rnorm0.mean.out against inputs [rnorm0.data] 
bpipe.Utils	[10]	INFO	|10:53:22 Check rnorm0.data : 1444369250000 >  rnorm0.mean.out : 1444369250000 
bpipe.Dependencies	[10]	INFO	|10:53:22 No missing / older files from inputs: [rnorm0.mean.out] are up to date 
bpipe.PipelineContext	[10]	INFO	|10:53:22 Skipping command Rscript R/methods/mean.R rnorm... due to inferred outputs [rnorm0.mean.out] newer than inputs [rnorm0.data, rnorm0.meta, rnorm1.data, rnorm1.meta] 
bpipe.PipelineStage	[10]	INFO	|10:53:22 Stage mean returned null as default inputs for next stage 
bpipe.PipelineStage	[10]	INFO	|10:53:22 Using inferred outputs [rnorm0.mean.out] as outputs because no explicit outputs set 
bpipe.PipelineStage	[10]	INFO	|10:53:22 Inferring nextInputs from explicit output as [rnorm0.mean.out] 
bpipe.PipelineStage	[10]	INFO	|10:53:22 Setting next inputs [rnorm0.mean.out] on stage 760218845, context 1002347088 in thread 1 
bpipe.PipelineStage	[10]	INFO	|10:53:22 Checking files: [rnorm0.mean.out] 
bpipe.Dependencies	[10]	INFO	|10:53:22 Checking output (s) [rnorm0.mean.out] 
bpipe.Dependencies	[10]	INFO	|10:53:22  Checking file rnorm0.mean.out 
bpipe.PipelineCategory	[10]	INFO	|10:53:22 Checking that outputs [rnorm0.mean.out] exist 
bpipe.Dependencies	[10]	INFO	|10:53:22 Checking input (s) [rnorm0.mean.out] 
bpipe.Dependencies	[10]	INFO	|10:53:22  Checking file rnorm0.mean.out 
bpipe.PipelineCategory	[10]	INFO	|10:53:22 Next inputs from stage = [rnorm0.mean.out] 
bpipe.PipelineCategory	[10]	INFO	|10:53:22 Checking inputs for next stage:  [rnorm0.mean.out] 
bpipe.Dependencies	[10]	INFO	|10:53:22 Checking input (s) [rnorm0.mean.out] 
bpipe.Dependencies	[10]	INFO	|10:53:22  Checking file rnorm0.mean.out 
bpipe.Dependencies	[10]	INFO	|10:53:22 Checking input (s) [rnorm0.mean.out] 
bpipe.Dependencies	[10]	INFO	|10:53:22  Checking file rnorm0.mean.out 
bpipe.PipelineStage	[10]	INFO	|10:53:22 Stage MSE : INPUT=[rnorm0.mean.out] OUTPUT=rnorm0.mean.out.MSE 
bpipe.PipelineDelegate	[10]	INFO	|10:53:22 Setting or creating a delegate for context 1722378339 body 643018452/script14443700012081489438554 in thread 1 
bpipe.PipelineDelegate	[10]	INFO	|10:53:22 Created new delegate bpipe.PipelineDelegate@7c04703c overriding type script14443700012081489438554 in thread 1 
bpipe.PipelineInput	[10]	INFO	|10:53:22 Searching for missing Property: out 
bpipe.PipelineInput	[10]	INFO	|10:53:22 Resolving inputs matching pattern ^.*\.out$ 
bpipe.PipelineInput	[10]	INFO	|10:53:22 Checking outputs [rnorm0.mean.out] 
bpipe.PipelineInput	[10]	INFO	|10:53:22 Found files with exts [out$] : [[rnorm0.mean.out]] 
bpipe.PipelineInput	[10]	INFO	|10:53:22 Adding resolved input rnorm0.mean.out 
bpipe.PipelineInput	[10]	INFO	|10:53:22 Searching for missing Property: meta 
bpipe.PipelineInput	[10]	INFO	|10:53:22 Resolving inputs matching pattern ^.*\.meta$ 
bpipe.PipelineInput	[10]	INFO	|10:53:22 Checking outputs [rnorm0.mean.out] 
bpipe.PipelineInput	[10]	INFO	|10:53:22 Checking outputs [rnorm0.mean.out] 
bpipe.PipelineInput	[10]	INFO	|10:53:22 Checking outputs [] 
bpipe.PipelineInput	[10]	INFO	|10:53:22 Checking outputs [rnorm0.data, rnorm0.meta, rnorm1.data, rnorm1.meta] 
bpipe.PipelineInput	[10]	INFO	|10:53:22 Found files with exts [meta$] : [[rnorm0.meta, rnorm1.meta]] 
bpipe.PipelineInput	[10]	INFO	|10:53:22 Adding resolved input rnorm0.meta 
bpipe.PipelineContext	[10]	INFO	|10:53:22 Using non-default output due to input property reference: rnorm0.mean.out from resolved inputs [rnorm0.mean.out, rnorm0.meta] 
bpipe.PipelineContext	[10]	INFO	|10:53:22 Tracking outputs referenced=[[]] inferred=[[rnorm0.mean.MSE.score]] for command Rscript R/scores/MSE.R rnorm0.mean.out rnorm0.meta rnorm0.mean.MSE.score 
bpipe.PipelineContext	[10]	INFO	|10:53:22 Checking actual resolved inputs [rnorm0.mean.out, rnorm0.meta] 
bpipe.Utils	[10]	INFO	|10:53:22 ===== Check rnorm0.mean.MSE.score ===== 
bpipe.Utils	[10]	INFO	|10:53:22 Checking rnorm0.mean.MSE.score against inputs [rnorm0.mean.out, rnorm0.meta] 
bpipe.Utils	[10]	INFO	|10:53:22 Check rnorm0.mean.out : 1444369250000 >  rnorm0.mean.MSE.score : 1444369250000 
bpipe.Utils	[10]	INFO	|10:53:22 Check rnorm0.meta : 1444369250000 >  rnorm0.mean.MSE.score : 1444369250000 
bpipe.Dependencies	[10]	INFO	|10:53:22 No missing / older files from inputs: [rnorm0.mean.MSE.score] are up to date 
bpipe.PipelineContext	[10]	INFO	|10:53:22 Skipping command Rscript R/scores/MSE.R rnorm0.... due to inferred outputs [rnorm0.mean.MSE.score] newer than inputs [rnorm0.mean.out] 
bpipe.PipelineStage	[10]	INFO	|10:53:22 Stage MSE returned null as default inputs for next stage 
bpipe.PipelineStage	[10]	INFO	|10:53:22 Using inferred outputs [rnorm0.mean.MSE.score] as outputs because no explicit outputs set 
bpipe.PipelineStage	[10]	INFO	|10:53:22 Inferring nextInputs from explicit output as [rnorm0.mean.MSE.score] 
bpipe.PipelineStage	[10]	INFO	|10:53:22 Setting next inputs [rnorm0.mean.MSE.score] on stage 69284034, context 1722378339 in thread 1 
bpipe.PipelineStage	[10]	INFO	|10:53:22 Checking files: [rnorm0.mean.MSE.score] 
bpipe.Dependencies	[10]	INFO	|10:53:22 Checking output (s) [rnorm0.mean.MSE.score] 
bpipe.Dependencies	[10]	INFO	|10:53:22  Checking file rnorm0.mean.MSE.score 
bpipe.PipelineContext	[10]	INFO	|10:53:22 Setting output [rnorm0.mean.MSE.score] on context 744381461 in thread 1 
bpipe.PipelineStage	[10]	INFO	|10:53:22 Setting next inputs [rnorm0.mean.MSE.score] on stage 839560459, context 744381461 in thread 1 
bpipe.PipelineStage	[10]	INFO	|10:53:22 Checking files: [rnorm0.mean.MSE.score] 
bpipe.Dependencies	[10]	INFO	|10:53:22 Checking output (s) [rnorm0.mean.MSE.score] 
bpipe.Dependencies	[10]	INFO	|10:53:22  Checking file rnorm0.mean.MSE.score 
bpipe.PipelineContext	[10]	INFO	|10:53:22 Setting output [rnorm0.mean.MSE.score] on context 747585196 in thread 1 
bpipe.PipelineStage	[10]	INFO	|10:53:22 Setting next inputs [rnorm0.mean.MSE.score] on stage 268231410, context 747585196 in thread 1 
bpipe.PipelineStage	[10]	INFO	|10:53:22 Checking files: [rnorm0.mean.MSE.score] 
bpipe.Dependencies	[10]	INFO	|10:53:22 Checking output (s) [rnorm0.mean.MSE.score] 
bpipe.Dependencies	[10]	INFO	|10:53:22  Checking file rnorm0.mean.MSE.score 
bpipe.Pipeline	[10]	INFO	|10:53:22 Pipeline segment  in thread 1 has finished normally 
bpipe.Pipeline	[10]	INFO	|10:53:22 Finished running segment for inputs null 
bpipe.Dependencies	[21]	INFO	|10:53:22 Reading property file .bpipe/outputs/mean.rnorm0.mean.out.properties 
bpipe.Dependencies	[21]	INFO	|10:53:22 Reading property file .bpipe/outputs/rnorm0.rnorm0.data.properties 
bpipe.Dependencies	[22]	INFO	|10:53:22 Reading property file .bpipe/outputs/rnorm0.rnorm0.meta.properties 
bpipe.Dependencies	[23]	INFO	|10:53:22 Reading property file .bpipe/outputs/rnorm1.rnorm1.data.properties 
bpipe.Dependencies	[22]	INFO	|10:53:22 Reading property file .bpipe/outputs/rnorm1.rnorm1.meta.properties 
bpipe.Dependencies	[24]	INFO	|10:53:22 Reading property file .bpipe/outputs/MSE.rnorm0.mean.MSE.score.properties 
bpipe.Utils	[10]	INFO	|10:53:22 Output folder scan (concurrency=5) executed in 0.029 seconds 
bpipe.Dependencies	[10]	INFO	|10:53:22 External inputs: [[], [], [], []] for outputs [rnorm0.data, rnorm0.meta, rnorm1.data, rnorm1.meta] 
bpipe.Dependencies	[10]	INFO	|10:53:22 There are 1 output groups 
bpipe.Dependencies	[10]	INFO	|10:53:22 Subtracting 4 remaining outputs from 6 total outputs 
bpipe.Dependencies	[10]	INFO	|10:53:22 External inputs: [[rnorm0.data]] for outputs [rnorm0.mean.out] 
bpipe.Dependencies	[10]	INFO	|10:53:22 New entry for rnorm0.mean.out 
bpipe.Dependencies	[10]	INFO	|10:53:22 Maxtimestamp for rnorm0.mean.out = 1444369250000 
bpipe.Dependencies	[10]	INFO	|10:53:22 There are 1 output groups 
bpipe.Dependencies	[10]	INFO	|10:53:22 Subtracting 1 remaining outputs from 2 total outputs 
bpipe.Dependencies	[10]	INFO	|10:53:22 External inputs: [[rnorm0.mean.out, rnorm0.meta]] for outputs [rnorm0.mean.MSE.score] 
bpipe.Dependencies	[10]	INFO	|10:53:22 New entry for rnorm0.mean.MSE.score 
bpipe.Dependencies	[10]	INFO	|10:53:22 Maxtimestamp for rnorm0.mean.MSE.score = 1444369250000 
bpipe.Dependencies	[10]	INFO	|10:53:22 There are 1 output groups 
bpipe.Dependencies	[10]	INFO	|10:53:22 Subtracting 1 remaining outputs from 1 total outputs 
bpipe.Dependencies	[10]	INFO	|10:53:22 There are 0 remaining outputs 
bpipe.Dependencies	[10]	INFO	|10:53:22  rnorm0.mean.MSE.score / entry 806052897  
bpipe.Dependencies	[10]	INFO	|10:53:22 Checking timestamp of rnorm0.mean.MSE.score vs input rnorm0.mean.out 
bpipe.Dependencies	[10]	INFO	|10:53:22 Checking timestamp of rnorm0.mean.MSE.score vs input rnorm0.meta 
bpipe.Dependencies	[10]	INFO	|10:53:22 rnorm0.mean.MSE.score is newer than input files 
bpipe.Dependencies	[10]	INFO	|10:53:22 ====Finished Output Graph===== 
bpipe.Dependencies	[10]	INFO	|10:53:22 There are 0 remaining outputs 
bpipe.Dependencies	[10]	INFO	|10:53:22 -- rnorm0.mean.out / entry 2027063355 -- 
bpipe.Dependencies	[10]	INFO	|10:53:22 Checking timestamp of rnorm0.mean.out vs input rnorm0.data 
bpipe.Dependencies	[10]	INFO	|10:53:22 rnorm0.mean.out is newer than input files 
bpipe.Dependencies	[10]	INFO	|10:53:22 ====Finished Output Graph===== 
bpipe.Dependencies	[10]	INFO	|10:53:22 There are 0 remaining outputs 
bpipe.Dependencies	[10]	INFO	|10:53:22 ---- rnorm0.data / entry 997549142 ----- 
bpipe.Dependencies	[10]	INFO	|10:53:22 rnorm0.data is newer than input files 
bpipe.Dependencies	[10]	INFO	|10:53:22 ---- rnorm0.meta / entry 997549142 ----- 
bpipe.Dependencies	[10]	INFO	|10:53:22 rnorm0.meta is newer than input files 
bpipe.Dependencies	[10]	INFO	|10:53:22 ---- rnorm1.data / entry 997549142 ----- 
bpipe.Dependencies	[10]	INFO	|10:53:22 rnorm1.data is newer than input files 
bpipe.Dependencies	[10]	INFO	|10:53:22 ---- rnorm1.meta / entry 997549142 ----- 
bpipe.Dependencies	[10]	INFO	|10:53:22 rnorm1.meta is newer than input files 
bpipe.Dependencies	[10]	INFO	|10:53:22 ====Finished Output Graph===== 
bpipe.Utils	[10]	INFO	|10:53:22 Index output graph executed in 0 
bpipe.Pipeline	[10]	INFO	|10:53:22 Output is rnorm0.mean.MSE.score (pre-existing) 
bpipe.Runner	[25]	INFO	|10:53:22 Deleting job file /Users/stephens/.bpipedb/jobs/4626 
