[----]	====================================================================================================
[----]	|                              Starting Pipeline at 2015-10-08 23:00                               |
[----]	====================================================================================================
[*.4]	
[*.4]	========================================= Stage rnorm1 [*] =========================================
[*.3]	
[*.3]	========================================= Stage rnorm1 [*] =========================================
[*.2]	
[*.2]	========================================= Stage rnorm0 [*] =========================================
[*.1]	
[*.1]	========================================= Stage rnorm0 [*] =========================================
[*.3]	
[*.3]	========================================== Stage mean [*] ==========================================
[*.4]	
[*.4]	========================================= Stage median [*] =========================================
[*.1]	
[*.1]	========================================== Stage mean [*] ==========================================
[*.2]	
[*.2]	========================================= Stage median [*] =========================================
[*.1]	
[*.1]	========================================== Stage MSE [*] ===========================================
[*.4]	
[*.4]	========================================== Stage MSE [*] ===========================================
[*.3]	
[*.3]	========================================== Stage MSE [*] ===========================================
[*.2]	
[*.2]	========================================== Stage MSE [*] ===========================================

======================================== Pipeline Succeeded ========================================
[]	23:00:58 MSG:  Finished at Thu Oct 08 23:00:58 PDT 2015
[]	23:00:58 MSG:  Outputs are: 
[]			rnorm1.mean.MSE.score
[]			rnorm0.median.MSE.score
[]			rnorm1.median.MSE.score
[]			rnorm0.mean.MSE.score (pre-existing)
