[----]	====================================================================================================
[----]	|                              Starting Pipeline at 2015-10-09 07:28                               |
[----]	====================================================================================================
[*.1]	
[*.1]	======================================== Stage set_seed [*] ========================================
[*.3]	
[*.3]	========================================= Stage rnorm1 [*] =========================================
[*.2]	
[*.2]	========================================= Stage rnorm0 [*] =========================================
[*.4]	
[*.4]	========================================= Stage rnorm1 [*] =========================================
[*.3]	
[*.3]	========================================== Stage mean [*] ==========================================
[*.4]	
[*.4]	========================================= Stage median [*] =========================================
[*.2]	
[*.2]	========================================= Stage median [*] =========================================
[*.2]	
[*.2]	========================================== Stage MSE [*] ===========================================
[*.4]	
[*.4]	========================================== Stage MSE [*] ===========================================
[*.3]	
[*.3]	========================================== Stage MSE [*] ===========================================
[*.1]	
[*.1]	========================================= Stage rnorm0 [*] =========================================
[*.1]	
[*.1]	========================================== Stage mean [*] ==========================================
[*.1]	
[*.1]	========================================== Stage MSE [*] ===========================================

======================================== Pipeline Succeeded ========================================
[]	07:28:31 MSG:  Finished at Fri Oct 09 07:28:31 PDT 2015
[]	07:28:31 MSG:  Outputs are: 
[]			rnorm0.mean.MSE.score (pre-existing)
[]			rnorm1.mean.MSE.score (pre-existing)
[]			rnorm0.median.MSE.score (pre-existing)
[]			rnorm1.median.MSE.score (pre-existing)
