[----]	====================================================================================================
[----]	|                              Starting Pipeline at 2015-10-09 07:29                               |
[----]	====================================================================================================
[*.3]	
[*.3]	========================================= Stage rnorm1 [*] =========================================
[*.4]	
[*.4]	========================================= Stage rnorm1 [*] =========================================
[*.2]	
[*.2]	========================================= Stage rnorm0 [*] =========================================
[*.1]	
[*.1]	======================================== Stage set_seed [*] ========================================
ERROR: stage failed: Input expected but not provided 

[*.4]	
[*.4]	========================================= Stage median [*] =========================================
[*.2]	
[*.2]	========================================= Stage median [*] =========================================
[*.3]	
[*.3]	========================================== Stage mean [*] ==========================================
[*.2]	
[*.2]	========================================== Stage MSE [*] ===========================================
[*.4]	
[*.4]	========================================== Stage MSE [*] ===========================================
[*.3]	
[*.3]	========================================== Stage MSE [*] ===========================================

========================================= Pipeline Failed ==========================================

One or more parallel stages aborted. The following messages were reported: 

Branch *.1 in stage Unknown reported message:

Input expected but not provided

