[----]	====================================================================================================
[----]	|                              Starting Pipeline at 2015-10-09 07:30                               |
[----]	====================================================================================================
[3]	
[3]	========================================= Stage rnorm1 [3] =========================================
[2]	
[2]	========================================= Stage rnorm0 [2] =========================================
[4]	
[4]	========================================= Stage rnorm1 [4] =========================================
[1]	
[1]	======================================== Stage set_seed [1] ========================================
[1.19]	Error in scan(s0) : object 's0' not found
[1.19]	Calls: set.seed -> scan
[1.19]	Execution halted
[3]	
[3]	========================================== Stage mean [3] ==========================================
[4]	
[4]	========================================= Stage median [4] =========================================
ERROR: stage failed: Command failed with exit status = 1 : 

unset TMP; unset TEMP; TEMPDIR="/var/folders/1f/d96lz9ts15g81dqs_hcc_9cr0000gq/T/1444401011266763000-0"  Rscript - <<'!'
            set.seed(scan(s0))
!
 

[2]	
[2]	========================================= Stage median [2] =========================================
[4]	
[4]	========================================== Stage MSE [4] ===========================================
[3]	
[3]	========================================== Stage MSE [3] ===========================================
[2]	
[2]	========================================== Stage MSE [2] ===========================================

========================================= Pipeline Failed ==========================================

One or more parallel stages aborted. The following messages were reported: 

Branch 1 in stage Unknown reported message:

Command failed with exit status = 1 : 

unset TMP; unset TEMP; TEMPDIR="/var/folders/1f/d96lz9ts15g81dqs_hcc_9cr0000gq/T/1444401011266763000-0"  Rscript - <<'!'
            set.seed(scan(s0))
!


