[----]	====================================================================================================
[----]	|                              Starting Pipeline at 2015-10-09 07:30                               |
[----]	====================================================================================================
[4]	
[4]	========================================= Stage rnorm1 [4] =========================================
[2]	
[2]	========================================= Stage rnorm0 [2] =========================================
[3]	
[3]	========================================= Stage rnorm1 [3] =========================================
[1]	
[1]	======================================== Stage set_seed [1] ========================================
[3]	
[3]	========================================== Stage mean [3] ==========================================
[4]	
[4]	========================================= Stage median [4] =========================================
[2]	
[2]	========================================= Stage median [2] =========================================
[4]	
[4]	========================================== Stage MSE [4] ===========================================
[2]	
[2]	========================================== Stage MSE [2] ===========================================
[3]	
[3]	========================================== Stage MSE [3] ===========================================
[1.27]	Read 1 item
[1]	
[1]	========================================= Stage rnorm0 [1] =========================================
[1]	
[1]	========================================== Stage mean [1] ==========================================
[1]	
[1]	========================================== Stage MSE [1] ===========================================

======================================== Pipeline Succeeded ========================================
[]	07:30:53 MSG:  Finished at Fri Oct 09 07:30:53 PDT 2015
[]	07:30:53 MSG:  Outputs are: 
[]			s0.rnorm0.mean.MSE.score
[]			rnorm0.mean.MSE.score (pre-existing)
[]			rnorm1.mean.MSE.score (pre-existing)
[]			rnorm0.median.MSE.score (pre-existing)
[]			rnorm1.median.MSE.score (pre-existing)
[]			... 3 more ...
