[----]	====================================================================================================
[----]	|                              Starting Pipeline at 2015-10-09 07:34                               |
[----]	====================================================================================================
[1.2]	
[1.2]	======================================== Stage set_seed [1] ========================================
[0.2]	
[0.2]	======================================== Stage set_seed [0] ========================================
[1.3]	
[1.3]	======================================== Stage set_seed [1] ========================================
[0.3]	
[0.3]	======================================== Stage set_seed [0] ========================================
[1.4]	
[1.4]	======================================== Stage set_seed [1] ========================================
[1.1]	
[1.1]	======================================== Stage set_seed [1] ========================================
[0.1]	
[0.1]	======================================== Stage set_seed [0] ========================================
[0.4]	
[0.4]	======================================== Stage set_seed [0] ========================================
[0.3.34]	Read 1 item
[0.4.31]	Read 1 item
[1.3.36]	Read 1 item
[1.1.33]	Read 1 item
[0.3]	
[0.3]	========================================= Stage rnorm1 [0] =========================================
[0.4]	
[0.4]	========================================= Stage rnorm1 [0] =========================================
[1.3]	
[1.3]	========================================= Stage rnorm1 [1] =========================================
[1.4.38]	Read 1 item
[1.1]	
[1.1]	========================================= Stage rnorm0 [1] =========================================
[1.4]	
[1.4]	========================================= Stage rnorm1 [1] =========================================
[0.1.37]	Read 1 item
[0.2.35]	Read 1 item
[0.1]	
[0.1]	========================================= Stage rnorm0 [0] =========================================
[0.2]	
[0.2]	========================================= Stage rnorm0 [0] =========================================
[1.2.32]	Read 1 item
[1.2]	
[1.2]	========================================= Stage rnorm0 [1] =========================================
[0.4]	
[0.4]	========================================= Stage median [0] =========================================
[1.3]	
[1.3]	========================================== Stage mean [1] ==========================================
[1.4]	
[1.4]	========================================= Stage median [1] =========================================
[0.3]	
[0.3]	========================================== Stage mean [0] ==========================================
[1.1]	
[1.1]	========================================== Stage mean [1] ==========================================
[0.1]	
[0.1]	========================================== Stage mean [0] ==========================================
[0.2]	
[0.2]	========================================= Stage median [0] =========================================
[1.2]	
[1.2]	========================================= Stage median [1] =========================================
[1.3]	
[1.3]	========================================== Stage MSE [1] ===========================================
[0.4]	
[0.4]	========================================== Stage MSE [0] ===========================================
[1.4]	
[1.4]	========================================== Stage MSE [1] ===========================================
[0.3]	
[0.3]	========================================== Stage MSE [0] ===========================================
[0.2]	
[0.2]	========================================== Stage MSE [0] ===========================================
[1.1]	
[1.1]	========================================== Stage MSE [1] ===========================================
[0.1]	
[0.1]	========================================== Stage MSE [0] ===========================================
[1.2]	
[1.2]	========================================== Stage MSE [1] ===========================================

======================================== Pipeline Succeeded ========================================
[]	07:35:03 MSG:  Finished at Fri Oct 09 07:35:03 PDT 2015
[]	07:35:03 MSG:  Outputs are: 
[]			s.rnorm0.mean.MSE.score
[]			s.rnorm1.mean.MSE.score
[]			s.rnorm0.median.MSE.score
[]			s.rnorm1.median.MSE.score
[]			rnorm0.mean.MSE.score (pre-existing)
[]			... 7 more ...
