[----]	====================================================================================================
[----]	|                              Starting Pipeline at 2015-10-09 07:46                               |
[----]	====================================================================================================
[1.1]	
[1.1]	========================================= Stage rnorm0 [1] =========================================
[0.3]	
[0.3]	========================================= Stage rnorm1 [0] =========================================
[0.2]	
[0.2]	========================================= Stage rnorm0 [0] =========================================
[1.2]	
[1.2]	========================================= Stage rnorm0 [1] =========================================
[0.1]	
[0.1]	========================================= Stage rnorm0 [0] =========================================
[1.3]	
[1.3]	========================================= Stage rnorm1 [1] =========================================
[1.4]	
[1.4]	========================================= Stage rnorm1 [1] =========================================
[0.4]	
[0.4]	========================================= Stage rnorm1 [0] =========================================
[0.2.122]	Read 1 item
[0.3.121]	Read 1 item
[1.2.119]	Read 1 item
[0.1.123]	Read 1 item
[1.1.120]	Read 1 item
[1.4.125]	Read 1 item
[1.3.124]	Read 1 item
[0.4.126]	Read 1 item
[1.2]	
[1.2]	========================================= Stage median [1] =========================================
[0.2]	
[0.2]	========================================= Stage median [0] =========================================
[0.1]	
[0.1]	========================================== Stage mean [0] ==========================================
[0.3]	
[0.3]	========================================== Stage mean [0] ==========================================
[1.4]	
[1.4]	========================================= Stage median [1] =========================================
[0.4]	
[0.4]	========================================= Stage median [0] =========================================
[1.3]	
[1.3]	========================================== Stage mean [1] ==========================================
[1.1]	
[1.1]	========================================== Stage mean [1] ==========================================
[1.2]	
[1.2]	========================================== Stage MSE [1] ===========================================
[0.1]	
[0.1]	========================================== Stage MSE [0] ===========================================
[1.4]	
[1.4]	========================================== Stage MSE [1] ===========================================
[0.2]	
[0.2]	========================================== Stage MSE [0] ===========================================
[0.4]	
[0.4]	========================================== Stage MSE [0] ===========================================
[0.3]	
[0.3]	========================================== Stage MSE [0] ===========================================
[1.3]	
[1.3]	========================================== Stage MSE [1] ===========================================
[1.1]	
[1.1]	========================================== Stage MSE [1] ===========================================

======================================== Pipeline Succeeded ========================================
[]	07:46:11 MSG:  Finished at Fri Oct 09 07:46:11 PDT 2015
[]	07:46:11 MSG:  Outputs are: 
[]			s.rnorm0.mean.MSE.score
[]			s.rnorm1.mean.MSE.score
[]			s.rnorm0.median.MSE.score
[]			s.rnorm1.median.MSE.score
[]			rnorm0.mean.MSE.score (pre-existing)
[]			... 3 more ...
