[----]	====================================================================================================
[----]	|                              Starting Pipeline at 2015-10-09 07:49                               |
[----]	====================================================================================================
[0.1]	
[0.1]	========================================= Stage rnorm0 [0] =========================================
[1.2]	
[1.2]	========================================= Stage rnorm0 [1] =========================================
[1.4]	
[1.4]	========================================= Stage rnorm1 [1] =========================================
[0.4]	
[0.4]	========================================= Stage rnorm1 [0] =========================================
[0.3]	
[0.3]	========================================= Stage rnorm1 [0] =========================================
[1.1]	
[1.1]	========================================= Stage rnorm0 [1] =========================================
[0.2]	
[0.2]	========================================= Stage rnorm0 [0] =========================================
[1.3]	
[1.3]	========================================= Stage rnorm1 [1] =========================================
[1.1.154]	Read 1 item
[0.3.152]	Read 1 item
[0.2.157]	Read 1 item
[0.1.153]	Read 1 item
[1.4.156]	Read 1 item
[1.2.151]	Read 1 item
[1.3.158]	Read 1 item
[0.4.155]	Read 1 item
[0.3]	
[0.3]	========================================== Stage mean [0] ==========================================
[1.1]	
[1.1]	========================================== Stage mean [1] ==========================================
[0.2]	
[0.2]	========================================= Stage median [0] =========================================
[0.1]	
[0.1]	========================================== Stage mean [0] ==========================================
[1.4]	
[1.4]	========================================= Stage median [1] =========================================
[1.2]	
[1.2]	========================================= Stage median [1] =========================================
[1.3]	
[1.3]	========================================== Stage mean [1] ==========================================
[0.4]	
[0.4]	========================================= Stage median [0] =========================================
[0.3]	
[0.3]	========================================== Stage MSE [0] ===========================================
[0.2]	
[0.2]	========================================== Stage MSE [0] ===========================================
[1.4]	
[1.4]	========================================== Stage MSE [1] ===========================================
[1.1]	
[1.1]	========================================== Stage MSE [1] ===========================================
[0.1]	
[0.1]	========================================== Stage MSE [0] ===========================================
[1.2]	
[1.2]	========================================== Stage MSE [1] ===========================================
[1.3]	
[1.3]	========================================== Stage MSE [1] ===========================================
[0.4]	
[0.4]	========================================== Stage MSE [0] ===========================================

======================================== Pipeline Succeeded ========================================
[]	07:49:45 MSG:  Finished at Fri Oct 09 07:49:45 PDT 2015
[]	07:49:46 MSG:  Outputs are: 
[]			s_0.rnorm0.mean.MSE.score
[]			s_0.rnorm1.mean.MSE.score
[]			s_0.rnorm0.median.MSE.score
[]			s_0.rnorm1.median.MSE.score
[]			s_1.rnorm0.mean.MSE.score
[]			... 11 more ...
