bpipe.Runner	[10]	INFO	|9:42:34 Starting 
bpipe.Runner	[10]	INFO	|9:42:34 OS: Mac OS X (10.10.3) Java: 1.6.0_65 Vendor: Apple Inc. 
bpipe.Runner	[10]	INFO	|9:42:34 Initializing plugins ... 
bpipe.Config	[10]	INFO	|9:42:34 No plugins directory found: /Users/stephens/Dropbox/Documents/git/dsc-bpipe/helloworld/.bpipe/plugins 
bpipe.Runner	[10]	INFO	|9:42:34 Reading user config ...  
bpipe.Config	[10]	INFO	|9:42:34 No configuration file found in same dir as pipeline file /Users/stephens/Dropbox/Documents/git/dsc-bpipe/helloworld/bpipe.config 
bpipe.Config	[10]	INFO	|9:42:34 No local configuration file found 
bpipe.Utils	[11]	INFO	|9:42:34 Read config from /Users/stephens/bpipe-0.9.8.7/bin/../bpipe.config executed in 0.346 seconds 
bpipe.Utils	[10]	INFO	|9:42:34 Read user config executed in 0.527 seconds 
bpipe.Runner	[10]	INFO	|9:42:34 Loading tool database ...  
bpipe.ToolDatabase	[12]	INFO	|9:42:34 Loading tool database from user configuration 
bpipe.Tool	[12]	INFO	|9:42:34 Configured meta data about tool samtools 
bpipe.Tool	[12]	INFO	|9:42:34 Configured meta data about tool bwa 
bpipe.Tool	[12]	INFO	|9:42:34 Configured meta data about tool bowtie 
bpipe.Tool	[12]	INFO	|9:42:34 Configured meta data about tool fastqc 
bpipe.Tool	[12]	INFO	|9:42:34 Configured meta data about tool coverageBed 
bpipe.Tool	[12]	INFO	|9:42:34 Configured meta data about tool fastx_clipper 
bpipe.Tool	[12]	INFO	|9:42:34 Configured meta data about tool convert2annovar.pl 
bpipe.Tool	[12]	INFO	|9:42:34 Configured meta data about tool summarize_annovar.pl 
bpipe.Tool	[12]	INFO	|9:42:34 Configured meta data about tool bowtie2 
bpipe.Tool	[12]	INFO	|9:42:34 Configured meta data about tool GenomeAnalysisTK 
bpipe.Tool	[12]	INFO	|9:42:34 Configured meta data about tool MarkDuplicates 
bpipe.Tool	[12]	INFO	|9:42:34 Configured meta data about tool signalp 
bpipe.Tool	[12]	INFO	|9:42:34 Configured meta data about tool variant_effect_predictor.pl 
bpipe.Tool	[12]	INFO	|9:42:34 Configured meta data about tool igvtools 
bpipe.Concurrency	[13]	INFO	|9:42:34 Creating thread pool with 32 threads to execute parallel pipelines 
bpipe.Tool	[12]	INFO	|9:42:34 Configured meta data about tool ls 
bpipe.NotificationManager	[14]	INFO	|9:42:34 Configuring notifications 
bpipe.NotificationManager	[14]	INFO	|9:42:34 Trying class name file for notification channel file 
bpipe.Runner	[10]	INFO	|9:42:34 No CLI parameters specified 
bpipe.NotificationManager	[14]	INFO	|9:42:34 Unable to create notification channel using class file: java.lang.ClassNotFoundException: file 
bpipe.NotificationManager	[14]	INFO	|9:42:34 Trying class name bpipe.FILENotificationChannel for notification channel file 
bpipe.NotificationManager	[14]	INFO	|9:42:34 Unable to create notification channel using class bpipe.FILENotificationChannel: java.lang.ClassNotFoundException: bpipe.FILENotificationChannel 
bpipe.NotificationManager	[14]	INFO	|9:42:34 Trying class name bpipe.file for notification channel file 
bpipe.NotificationManager	[14]	INFO	|9:42:34 Unable to create notification channel using class bpipe.file: java.lang.ClassNotFoundException: bpipe.file 
bpipe.NotificationManager	[14]	INFO	|9:42:34 Trying class name bpipe.FileNotificationChannel for notification channel file 
bpipe.NotificationManager	[14]	INFO	|9:42:34 Successfully created notification channel using class bpipe.FileNotificationChannel 
bpipe.Runner	[10]	INFO	|9:42:34 Parsing script ...  
bpipe.Runner	[10]	INFO	|9:42:34 Run ...  
bpipe.Pipeline	[10]	INFO	|9:42:34 Running with input [test.txt] 
bpipe.PipelineCategory	[10]	INFO	|9:42:35 Found closure variable hello 
bpipe.PipelineCategory	[10]	INFO	|9:42:35 Found closure variable world 
bpipe.Pipeline	[10]	WARNING	|9:42:35 Pipeline folder /Users/stephens/bpipes could not be found 
bpipe.Pipeline	[10]	INFO	|9:42:35 Loaded external reference: args 
bpipe.Pipeline	[10]	INFO	|9:42:35 External reference args is overridden by local reference 
bpipe.Pipeline	[10]	INFO	|9:42:35 Loaded external reference: hello 
bpipe.Pipeline	[10]	INFO	|9:42:35 External reference hello is overridden by local reference 
bpipe.Pipeline	[10]	INFO	|9:42:35 Loaded external reference: world 
bpipe.Pipeline	[10]	INFO	|9:42:35 External reference world is overridden by local reference 
bpipe.Pipeline	[10]	INFO	|9:42:35 Running segment with inputs test.txt 
bpipe.Dependencies	[10]	INFO	|9:42:35 Checking input (s) test.txt 
bpipe.Dependencies	[15]	INFO	|9:42:35 Reading property file .bpipe/outputs/hello.test.txt.hello.properties 
bpipe.Dependencies	[16]	INFO	|9:42:35 Reading property file .bpipe/outputs/hello.test.hello.txt.properties 
bpipe.Dependencies	[17]	INFO	|9:42:35 Reading property file .bpipe/outputs/world.test.txt.hello.world.properties 
bpipe.Dependencies	[18]	INFO	|9:42:35 Reading property file .bpipe/outputs/world.test.hello.world.txt.properties 
bpipe.Utils	[10]	INFO	|9:42:35 Output folder scan (concurrency=5) executed in 0.037 seconds 
bpipe.Dependencies	[10]	INFO	|9:42:35 External inputs: [[test.txt], [test.txt]] for outputs [test.txt.hello, test.hello.txt] 
bpipe.Dependencies	[10]	INFO	|9:42:35 There are 1 output groups 
bpipe.Dependencies	[10]	INFO	|9:42:35 Subtracting 2 remaining outputs from 4 total outputs 
bpipe.Dependencies	[10]	INFO	|9:42:35 External inputs: [[test.txt.hello], [test.hello.txt]] for outputs [test.txt.hello.world, test.hello.world.txt] 
bpipe.Dependencies	[10]	INFO	|9:42:35 New entry for test.txt.hello.world 
bpipe.Dependencies	[10]	INFO	|9:42:35 Maxtimestamp for test.txt.hello.world = 1444365611000 
bpipe.Dependencies	[10]	INFO	|9:42:35 New entry for test.hello.world.txt 
bpipe.Dependencies	[10]	INFO	|9:42:35 Maxtimestamp for test.hello.world.txt = 1444365726000 
bpipe.Dependencies	[10]	INFO	|9:42:35 There are 2 output groups 
bpipe.Dependencies	[10]	INFO	|9:42:35 Subtracting 2 remaining outputs from 2 total outputs 
bpipe.Dependencies	[10]	INFO	|9:42:35 There are 0 remaining outputs 
bpipe.Dependencies	[10]	INFO	|9:42:35 There are 0 remaining outputs 
bpipe.Dependencies	[10]	INFO	|9:42:35  test.txt.hello.world / entry 1395706699  
bpipe.Dependencies	[10]	INFO	|9:42:35 Checking timestamp of test.txt.hello.world vs input test.txt.hello 
bpipe.Dependencies	[10]	INFO	|9:42:35 test.txt.hello.world is newer than input files 
bpipe.Dependencies	[10]	INFO	|9:42:35 test.txt.hello.world does not exist 
bpipe.Dependencies	[10]	INFO	|9:42:35 test.txt.hello.world removed but not by bpipe 
bpipe.Dependencies	[10]	INFO	|9:42:35  test.hello.world.txt / entry 566695176  
bpipe.Dependencies	[10]	INFO	|9:42:35 Checking timestamp of test.hello.world.txt vs input test.hello.txt 
bpipe.Dependencies	[10]	INFO	|9:42:35 test.hello.world.txt is newer than input files 
bpipe.Dependencies	[10]	INFO	|9:42:35 ====Finished Output Graph===== 
bpipe.Dependencies	[10]	INFO	|9:42:35 There are 0 remaining outputs 
bpipe.Dependencies	[10]	INFO	|9:42:35 --- test.txt.hello / entry 799557599 --- 
bpipe.Dependencies	[10]	INFO	|9:42:35 test.txt.hello is newer than input files 
bpipe.Dependencies	[10]	INFO	|9:42:35 test.txt.hello does not exist 
bpipe.Dependencies	[10]	INFO	|9:42:35 test.txt.hello removed but not by bpipe 
bpipe.Dependencies	[10]	INFO	|9:42:35 --- test.hello.txt / entry 799557599 --- 
bpipe.Dependencies	[10]	INFO	|9:42:35 test.hello.txt is newer than input files 
bpipe.Dependencies	[10]	INFO	|9:42:35 ====Finished Output Graph===== 
bpipe.Utils	[10]	INFO	|9:42:35 Index output graph executed in 0.001 seconds 
bpipe.Dependencies	[10]	INFO	|9:42:35  Checking file test.txt 
bpipe.PipelineDelegate	[10]	INFO	|9:42:35 Setting or creating a delegate for context 391187862 body 1246953167/java.lang.Class in thread 1 
bpipe.PipelineDelegate	[10]	INFO	|9:42:35 Created new delegate bpipe.PipelineDelegate@6af37a62 overriding type java.lang.Class in thread 1 
bpipe.Dependencies	[10]	INFO	|9:42:35 Checking input (s) test.txt 
bpipe.Dependencies	[10]	INFO	|9:42:35  Checking file test.txt 
bpipe.PipelineStage	[10]	INFO	|9:42:35 Stage hello : INPUT=test.txt OUTPUT=test.txt.hello 
bpipe.PipelineDelegate	[10]	INFO	|9:42:35 Setting or creating a delegate for context 19614086 body 1933661991/script14443657549161045950641 in thread 1 
bpipe.PipelineDelegate	[10]	INFO	|9:42:35 Created new delegate bpipe.PipelineDelegate@62c37f31 overriding type script14443657549161045950641 in thread 1 
bpipe.PipelineInput	[10]	INFO	|9:42:35 Searching for missing Property: txt 
bpipe.PipelineInput	[10]	INFO	|9:42:35 Resolving inputs matching pattern ^.*\.txt$ 
bpipe.PipelineInput	[10]	INFO	|9:42:35 Checking outputs [test.txt] 
bpipe.PipelineInput	[10]	INFO	|9:42:35 Found files with exts [txt$] : [[test.txt]] 
bpipe.PipelineInput	[10]	INFO	|9:42:35 Adding resolved input test.txt 
bpipe.PipelineContext	[10]	INFO	|9:42:35 Using non-default output due to input property reference: test.txt from resolved inputs [test.txt] 
bpipe.PipelineOutput	[10]	INFO	|9:42:35 Replacing txt\.hello with hello.txt 
bpipe.PipelineContext	[10]	INFO	|9:42:35 Tracking outputs referenced=[[]] inferred=[[test.hello.txt]] for command echo Hello | cat - test.txt > test.hello.txt 
bpipe.PipelineContext	[10]	INFO	|9:42:35 Checking actual resolved inputs [test.txt] 
bpipe.Utils	[10]	INFO	|9:42:35 ===== Check test.hello.txt ===== 
bpipe.Utils	[10]	INFO	|9:42:35 Checking test.hello.txt against inputs [test.txt] 
bpipe.Utils	[10]	INFO	|9:42:35 Check test.txt : 1444365607000 >  test.hello.txt : 1444365725000 
bpipe.Dependencies	[10]	INFO	|9:42:35 No missing / older files from inputs: [test.hello.txt] are up to date 
bpipe.PipelineContext	[10]	INFO	|9:42:35 Skipping command echo Hello | cat - test.txt > ... due to inferred outputs [test.hello.txt] newer than inputs test.txt 
bpipe.PipelineStage	[10]	INFO	|9:42:35 Stage hello returned null as default inputs for next stage 
bpipe.PipelineStage	[10]	INFO	|9:42:35 Using inferred outputs [test.hello.txt] as outputs because no explicit outputs set 
bpipe.PipelineStage	[10]	INFO	|9:42:35 Inferring nextInputs from explicit output as [test.hello.txt] 
bpipe.PipelineStage	[10]	INFO	|9:42:35 Setting next inputs [test.hello.txt] on stage 1743179527, context 19614086 in thread 1 
bpipe.PipelineStage	[10]	INFO	|9:42:35 Checking files: [test.hello.txt] 
bpipe.Dependencies	[10]	INFO	|9:42:35 Checking output (s) [test.hello.txt] 
bpipe.Dependencies	[10]	INFO	|9:42:35  Checking file test.hello.txt 
bpipe.PipelineCategory	[10]	INFO	|9:42:35 Checking that outputs [test.hello.txt] exist 
bpipe.Dependencies	[10]	INFO	|9:42:35 Checking input (s) [test.hello.txt] 
bpipe.Dependencies	[10]	INFO	|9:42:35  Checking file test.hello.txt 
bpipe.PipelineCategory	[10]	INFO	|9:42:35 Next inputs from stage = [test.hello.txt] 
bpipe.PipelineCategory	[10]	INFO	|9:42:35 Checking inputs for next stage:  [test.hello.txt] 
bpipe.Dependencies	[10]	INFO	|9:42:35 Checking input (s) [test.hello.txt] 
bpipe.Dependencies	[10]	INFO	|9:42:35  Checking file test.hello.txt 
bpipe.Dependencies	[10]	INFO	|9:42:35 Checking input (s) [test.hello.txt] 
bpipe.Dependencies	[10]	INFO	|9:42:35  Checking file test.hello.txt 
bpipe.PipelineStage	[10]	INFO	|9:42:35 Stage world : INPUT=[test.hello.txt] OUTPUT=test.hello.txt.world 
bpipe.PipelineDelegate	[10]	INFO	|9:42:35 Setting or creating a delegate for context 1894313674 body 1187052686/script14443657549161045950641 in thread 1 
bpipe.PipelineDelegate	[10]	INFO	|9:42:35 Created new delegate bpipe.PipelineDelegate@7d98d9cf overriding type script14443657549161045950641 in thread 1 
bpipe.PipelineInput	[10]	INFO	|9:42:35 Searching for missing Property: txt 
bpipe.PipelineInput	[10]	INFO	|9:42:35 Resolving inputs matching pattern ^.*\.txt$ 
bpipe.PipelineInput	[10]	INFO	|9:42:35 Checking outputs [test.hello.txt] 
bpipe.PipelineInput	[10]	INFO	|9:42:35 Found files with exts [txt$] : [[test.hello.txt]] 
bpipe.PipelineInput	[10]	INFO	|9:42:35 Adding resolved input test.hello.txt 
bpipe.PipelineContext	[10]	INFO	|9:42:35 Using non-default output due to input property reference: test.hello.txt from resolved inputs [test.hello.txt] 
bpipe.PipelineOutput	[10]	INFO	|9:42:35 Replacing txt\.world with world.txt 
bpipe.PipelineContext	[10]	INFO	|9:42:35 Tracking outputs referenced=[[]] inferred=[[test.hello.world.txt]] for command echo World | cat test.hello.txt - > test.hello.world.txt 
bpipe.PipelineContext	[10]	INFO	|9:42:35 Checking actual resolved inputs [test.hello.txt] 
bpipe.Utils	[10]	INFO	|9:42:35 ===== Check test.hello.world.txt ===== 
bpipe.Utils	[10]	INFO	|9:42:35 Checking test.hello.world.txt against inputs [test.hello.txt] 
bpipe.Utils	[10]	INFO	|9:42:35 Check test.hello.txt : 1444365725000 >  test.hello.world.txt : 1444365726000 
bpipe.Dependencies	[10]	INFO	|9:42:35 No missing / older files from inputs: [test.hello.world.txt] are up to date 
bpipe.PipelineContext	[10]	INFO	|9:42:35 Skipping command echo World | cat test.hello.tx... due to inferred outputs [test.hello.world.txt] newer than inputs [test.hello.txt] 
bpipe.PipelineStage	[10]	INFO	|9:42:35 Stage world returned null as default inputs for next stage 
bpipe.PipelineStage	[10]	INFO	|9:42:35 Using inferred outputs [test.hello.world.txt] as outputs because no explicit outputs set 
bpipe.PipelineStage	[10]	INFO	|9:42:35 Inferring nextInputs from explicit output as [test.hello.world.txt] 
bpipe.PipelineStage	[10]	INFO	|9:42:35 Setting next inputs [test.hello.world.txt] on stage 1216563958, context 1894313674 in thread 1 
bpipe.PipelineStage	[10]	INFO	|9:42:35 Checking files: [test.hello.world.txt] 
bpipe.Dependencies	[10]	INFO	|9:42:35 Checking output (s) [test.hello.world.txt] 
bpipe.Dependencies	[10]	INFO	|9:42:35  Checking file test.hello.world.txt 
bpipe.PipelineContext	[10]	INFO	|9:42:35 Setting output [test.hello.world.txt] on context 391187862 in thread 1 
bpipe.PipelineStage	[10]	INFO	|9:42:35 Setting next inputs [test.hello.world.txt] on stage 972791731, context 391187862 in thread 1 
bpipe.PipelineStage	[10]	INFO	|9:42:35 Checking files: [test.hello.world.txt] 
bpipe.Dependencies	[10]	INFO	|9:42:35 Checking output (s) [test.hello.world.txt] 
bpipe.Dependencies	[10]	INFO	|9:42:35  Checking file test.hello.world.txt 
bpipe.Pipeline	[10]	INFO	|9:42:35 Pipeline segment  in thread 1 has finished normally 
bpipe.Pipeline	[10]	INFO	|9:42:35 Finished running segment for inputs test.txt 
bpipe.Dependencies	[20]	INFO	|9:42:35 Reading property file .bpipe/outputs/hello.test.txt.hello.properties 
bpipe.Dependencies	[19]	INFO	|9:42:35 Reading property file .bpipe/outputs/hello.test.hello.txt.properties 
bpipe.Dependencies	[20]	INFO	|9:42:35 Reading property file .bpipe/outputs/world.test.txt.hello.world.properties 
bpipe.Dependencies	[21]	INFO	|9:42:35 Reading property file .bpipe/outputs/world.test.hello.world.txt.properties 
bpipe.Utils	[10]	INFO	|9:42:35 Output folder scan (concurrency=5) executed in 0.028 seconds 
bpipe.Dependencies	[10]	INFO	|9:42:35 External inputs: [[test.txt], [test.txt]] for outputs [test.txt.hello, test.hello.txt] 
bpipe.Dependencies	[10]	INFO	|9:42:35 There are 1 output groups 
bpipe.Dependencies	[10]	INFO	|9:42:35 Subtracting 2 remaining outputs from 4 total outputs 
bpipe.Dependencies	[10]	INFO	|9:42:35 External inputs: [[test.txt.hello], [test.hello.txt]] for outputs [test.txt.hello.world, test.hello.world.txt] 
bpipe.Dependencies	[10]	INFO	|9:42:35 New entry for test.txt.hello.world 
bpipe.Dependencies	[10]	INFO	|9:42:35 Maxtimestamp for test.txt.hello.world = 1444365611000 
bpipe.Dependencies	[10]	INFO	|9:42:35 New entry for test.hello.world.txt 
bpipe.Dependencies	[10]	INFO	|9:42:35 Maxtimestamp for test.hello.world.txt = 1444365726000 
bpipe.Dependencies	[10]	INFO	|9:42:35 There are 2 output groups 
bpipe.Dependencies	[10]	INFO	|9:42:35 Subtracting 2 remaining outputs from 2 total outputs 
bpipe.Dependencies	[10]	INFO	|9:42:35 There are 0 remaining outputs 
bpipe.Dependencies	[10]	INFO	|9:42:35 There are 0 remaining outputs 
bpipe.Dependencies	[10]	INFO	|9:42:35  test.txt.hello.world / entry 2078759114  
bpipe.Dependencies	[10]	INFO	|9:42:35 Checking timestamp of test.txt.hello.world vs input test.txt.hello 
bpipe.Dependencies	[10]	INFO	|9:42:35 test.txt.hello.world is newer than input files 
bpipe.Dependencies	[10]	INFO	|9:42:35 test.txt.hello.world does not exist 
bpipe.Dependencies	[10]	INFO	|9:42:35 test.txt.hello.world removed but not by bpipe 
bpipe.Dependencies	[10]	INFO	|9:42:35  test.hello.world.txt / entry 214387172  
bpipe.Dependencies	[10]	INFO	|9:42:35 Checking timestamp of test.hello.world.txt vs input test.hello.txt 
bpipe.Dependencies	[10]	INFO	|9:42:35 test.hello.world.txt is newer than input files 
bpipe.Dependencies	[10]	INFO	|9:42:35 ====Finished Output Graph===== 
bpipe.Dependencies	[10]	INFO	|9:42:35 There are 0 remaining outputs 
bpipe.Dependencies	[10]	INFO	|9:42:35 --- test.txt.hello / entry 372678620 --- 
bpipe.Dependencies	[10]	INFO	|9:42:35 test.txt.hello is newer than input files 
bpipe.Dependencies	[10]	INFO	|9:42:35 test.txt.hello does not exist 
bpipe.Dependencies	[10]	INFO	|9:42:35 test.txt.hello removed but not by bpipe 
bpipe.Dependencies	[10]	INFO	|9:42:35 --- test.hello.txt / entry 372678620 --- 
bpipe.Dependencies	[10]	INFO	|9:42:35 test.hello.txt is newer than input files 
bpipe.Dependencies	[10]	INFO	|9:42:35 ====Finished Output Graph===== 
bpipe.Utils	[10]	INFO	|9:42:35 Index output graph executed in 0 
bpipe.Pipeline	[10]	INFO	|9:42:35 Output is test.hello.world.txt (pre-existing) 
bpipe.Runner	[22]	INFO	|9:42:35 Deleting job file /Users/stephens/.bpipedb/jobs/3885 
